c:\users\ru4en\onedrive\desktop\springprojectx\x64\debug\vc142.pdb
c:\users\ru4en\onedrive\desktop\springprojectx\x64\debug\vc142.idb
c:\users\ru4en\onedrive\desktop\springprojectx\x64\debug\util.obj
c:\users\ru4en\onedrive\desktop\springprojectx\x64\debug\player.obj
c:\users\ru4en\onedrive\desktop\springprojectx\x64\debug\camera.obj
c:\users\ru4en\onedrive\desktop\springprojectx\x64\debug\stage.obj
c:\users\ru4en\onedrive\desktop\springprojectx\x64\debug\pizza.obj
c:\users\ru4en\onedrive\desktop\springprojectx\x64\debug\sound.obj
c:\users\ru4en\onedrive\desktop\springprojectx\x64\debug\platform.obj
c:\users\ru4en\onedrive\desktop\springprojectx\x64\debug\textures.obj
c:\users\ru4en\onedrive\desktop\springprojectx\x64\debug\text.obj
c:\users\ru4en\onedrive\desktop\springprojectx\x64\debug\map.obj
c:\users\ru4en\onedrive\desktop\springprojectx\x64\debug\io.obj
c:\users\ru4en\onedrive\desktop\springprojectx\x64\debug\input.obj
c:\users\ru4en\onedrive\desktop\springprojectx\x64\debug\init.obj
c:\users\ru4en\onedrive\desktop\springprojectx\x64\debug\entities.obj
c:\users\ru4en\onedrive\desktop\springprojectx\x64\debug\draw.obj
c:\users\ru4en\onedrive\desktop\springprojectx\x64\debug\block.obj
c:\users\ru4en\onedrive\desktop\springprojectx\x64\debug\main.obj
c:\users\ru4en\onedrive\desktop\springprojectx\x64\debug\attack.obj
c:\users\ru4en\onedrive\desktop\springprojectx\x64\debug\springproject.exe
c:\users\ru4en\onedrive\desktop\springprojectx\x64\debug\springproject.ilk
c:\users\ru4en\onedrive\desktop\springprojectx\x64\debug\springproject.pdb
c:\users\ru4en\onedrive\desktop\springprojectx\x64\debug\springproject.res
c:\users\ru4en\onedrive\desktop\springprojectx\x64\debug\springproject.tlog\cl.command.1.tlog
c:\users\ru4en\onedrive\desktop\springprojectx\x64\debug\springproject.tlog\cl.read.1.tlog
c:\users\ru4en\onedrive\desktop\springprojectx\x64\debug\springproject.tlog\cl.write.1.tlog
c:\users\ru4en\onedrive\desktop\springprojectx\x64\debug\springproject.tlog\link.command.1.tlog
c:\users\ru4en\onedrive\desktop\springprojectx\x64\debug\springproject.tlog\link.read.1.tlog
c:\users\ru4en\onedrive\desktop\springprojectx\x64\debug\springproject.tlog\link.write.1.tlog
c:\users\ru4en\onedrive\desktop\springprojectx\x64\debug\springproject.tlog\rc.command.1.tlog
c:\users\ru4en\onedrive\desktop\springprojectx\x64\debug\springproject.tlog\rc.read.1.tlog
c:\users\ru4en\onedrive\desktop\springprojectx\x64\debug\springproject.tlog\rc.write.1.tlog
