  main.c
C:\Users\ru4en\OneDrive\Desktop\SpringProjectx\main.c(68,24): warning C4244: '=': conversion from 'float' to 'long', possible loss of data
C:\Users\ru4en\OneDrive\Desktop\SpringProjectx\main.c(83,21): warning C4305: '+=': truncation from 'double' to 'float'
  attack.c
  block.c
  camera.c
  draw.c
  enemy.c
C:\Users\ru4en\OneDrive\Desktop\SpringProjectx\src\enemy.c(39,28): warning C4244: 'function': conversion from 'float' to 'int', possible loss of data
C:\Users\ru4en\OneDrive\Desktop\SpringProjectx\src\enemy.c(41,21): warning C4244: 'function': conversion from 'float' to 'int', possible loss of data
C:\Users\ru4en\OneDrive\Desktop\SpringProjectx\src\enemy.c(41,31): warning C4244: 'function': conversion from 'float' to 'int', possible loss of data
C:\Users\ru4en\OneDrive\Desktop\SpringProjectx\src\enemy.c(41,40): warning C4244: 'function': conversion from 'float' to 'int', possible loss of data
C:\Users\ru4en\OneDrive\Desktop\SpringProjectx\src\enemy.c(41,49): warning C4244: 'function': conversion from 'float' to 'int', possible loss of data
C:\Users\ru4en\OneDrive\Desktop\SpringProjectx\src\enemy.c(48,28): warning C4244: 'function': conversion from 'float' to 'int', possible loss of data
C:\Users\ru4en\OneDrive\Desktop\SpringProjectx\src\enemy.c(50,21): warning C4244: 'function': conversion from 'float' to 'int', possible loss of data
C:\Users\ru4en\OneDrive\Desktop\SpringProjectx\src\enemy.c(50,31): warning C4244: 'function': conversion from 'float' to 'int', possible loss of data
C:\Users\ru4en\OneDrive\Desktop\SpringProjectx\src\enemy.c(50,40): warning C4244: 'function': conversion from 'float' to 'int', possible loss of data
C:\Users\ru4en\OneDrive\Desktop\SpringProjectx\src\enemy.c(50,49): warning C4244: 'function': conversion from 'float' to 'int', possible loss of data
  entities.c
C:\Users\ru4en\OneDrive\Desktop\SpringProjectx\src\entities.c(33,16): warning C4047: '==': 'int *' differs in levels of indirection from 'int'
C:\Users\ru4en\OneDrive\Desktop\SpringProjectx\src\entities.c(37,21): warning C4047: '==': 'int *' differs in levels of indirection from 'int'
C:\Users\ru4en\OneDrive\Desktop\SpringProjectx\src\entities.c(41,21): warning C4047: '==': 'int *' differs in levels of indirection from 'int'
C:\Users\ru4en\OneDrive\Desktop\SpringProjectx\src\entities.c(45,21): warning C4047: '==': 'int *' differs in levels of indirection from 'int'
C:\Users\ru4en\OneDrive\Desktop\SpringProjectx\src\entities.c(49,21): warning C4047: '==': 'int *' differs in levels of indirection from 'int'
C:\Users\ru4en\OneDrive\Desktop\SpringProjectx\src\entities.c(141,37): warning C4244: '=': conversion from 'float' to 'int', possible loss of data
C:\Users\ru4en\OneDrive\Desktop\SpringProjectx\src\entities.c(144,26): warning C4244: '=': conversion from 'float' to 'int', possible loss of data
C:\Users\ru4en\OneDrive\Desktop\SpringProjectx\src\entities.c(153,37): warning C4244: '=': conversion from 'float' to 'int', possible loss of data
C:\Users\ru4en\OneDrive\Desktop\SpringProjectx\src\entities.c(164,33): warning C4244: '=': conversion from 'int' to 'float', possible loss of data
C:\Users\ru4en\OneDrive\Desktop\SpringProjectx\src\entities.c(172,37): warning C4244: '=': conversion from 'float' to 'int', possible loss of data
C:\Users\ru4en\OneDrive\Desktop\SpringProjectx\src\entities.c(175,24): warning C4244: '=': conversion from 'float' to 'int', possible loss of data
C:\Users\ru4en\OneDrive\Desktop\SpringProjectx\src\entities.c(184,37): warning C4244: '=': conversion from 'float' to 'int', possible loss of data
C:\Users\ru4en\OneDrive\Desktop\SpringProjectx\src\entities.c(195,33): warning C4244: '=': conversion from 'int' to 'float', possible loss of data
C:\Users\ru4en\OneDrive\Desktop\SpringProjectx\src\entities.c(211,35): warning C4244: 'function': conversion from 'float' to 'int', possible loss of data
C:\Users\ru4en\OneDrive\Desktop\SpringProjectx\src\entities.c(211,41): warning C4244: 'function': conversion from 'float' to 'int', possible loss of data
C:\Users\ru4en\OneDrive\Desktop\SpringProjectx\src\entities.c(211,63): warning C4244: 'function': conversion from 'float' to 'int', possible loss of data
C:\Users\ru4en\OneDrive\Desktop\SpringProjectx\src\entities.c(211,73): warning C4244: 'function': conversion from 'float' to 'int', possible loss of data
C:\Users\ru4en\OneDrive\Desktop\SpringProjectx\src\entities.c(263,41): warning C4244: 'function': conversion from 'float' to 'int', possible loss of data
C:\Users\ru4en\OneDrive\Desktop\SpringProjectx\src\entities.c(263,64): warning C4244: 'function': conversion from 'float' to 'int', possible loss of data
C:\Users\ru4en\OneDrive\Desktop\SpringProjectx\src\entities.c(324,12): warning C4013: 'initRock1' undefined; assuming extern returning int
C:\Users\ru4en\OneDrive\Desktop\SpringProjectx\src\entities.c(328,12): warning C4013: 'initRock2' undefined; assuming extern returning int
  init.c
  input.c
  io.c
  map.c
C:\Users\ru4en\OneDrive\Desktop\SpringProjectx\src\map.c(35,16): warning C4047: '==': 'int *' differs in levels of indirection from 'int'
C:\Users\ru4en\OneDrive\Desktop\SpringProjectx\src\map.c(39,21): warning C4047: '==': 'int *' differs in levels of indirection from 'int'
C:\Users\ru4en\OneDrive\Desktop\SpringProjectx\src\map.c(43,21): warning C4047: '==': 'int *' differs in levels of indirection from 'int'
C:\Users\ru4en\OneDrive\Desktop\SpringProjectx\src\map.c(47,21): warning C4047: '==': 'int *' differs in levels of indirection from 'int'
C:\Users\ru4en\OneDrive\Desktop\SpringProjectx\src\map.c(51,21): warning C4047: '==': 'int *' differs in levels of indirection from 'int'
  menu.c
C:\Users\ru4en\OneDrive\Desktop\SpringProjectx\src\menu.c(24,13): warning C4047: '=': 'int *' differs in levels of indirection from 'int'
C:\Users\ru4en\OneDrive\Desktop\SpringProjectx\src\menu.c(29,13): warning C4047: '=': 'int *' differs in levels of indirection from 'int'
C:\Users\ru4en\OneDrive\Desktop\SpringProjectx\src\menu.c(34,13): warning C4047: '=': 'int *' differs in levels of indirection from 'int'
C:\Users\ru4en\OneDrive\Desktop\SpringProjectx\src\menu.c(39,13): warning C4047: '=': 'int *' differs in levels of indirection from 'int'
C:\Users\ru4en\OneDrive\Desktop\SpringProjectx\src\menu.c(44,13): warning C4047: '=': 'int *' differs in levels of indirection from 'int'
  orb.c
C:\Users\ru4en\OneDrive\Desktop\SpringProjectx\src\orb.c(50,20): warning C4305: '+=': truncation from 'double' to 'float'
C:\Users\ru4en\OneDrive\Desktop\SpringProjectx\src\orb.c(52,29): warning C4244: '+=': conversion from 'double' to 'float', possible loss of data
  platform.c
C:\Users\ru4en\OneDrive\Desktop\SpringProjectx\src\platform.c(53,28): warning C4244: 'function': conversion from 'float' to 'int', possible loss of data
C:\Users\ru4en\OneDrive\Desktop\SpringProjectx\src\platform.c(53,72): warning C4244: 'function': conversion from 'float' to 'int', possible loss of data
C:\Users\ru4en\OneDrive\Desktop\SpringProjectx\src\platform.c(55,21): warning C4244: 'function': conversion from 'float' to 'int', possible loss of data
C:\Users\ru4en\OneDrive\Desktop\SpringProjectx\src\platform.c(55,31): warning C4244: 'function': conversion from 'float' to 'int', possible loss of data
C:\Users\ru4en\OneDrive\Desktop\SpringProjectx\src\platform.c(55,40): warning C4244: 'function': conversion from 'float' to 'int', possible loss of data
C:\Users\ru4en\OneDrive\Desktop\SpringProjectx\src\platform.c(55,49): warning C4244: 'function': conversion from 'float' to 'int', possible loss of data
C:\Users\ru4en\OneDrive\Desktop\SpringProjectx\src\platform.c(61,28): warning C4244: 'function': conversion from 'float' to 'int', possible loss of data
C:\Users\ru4en\OneDrive\Desktop\SpringProjectx\src\platform.c(61,72): warning C4244: 'function': conversion from 'float' to 'int', possible loss of data
C:\Users\ru4en\OneDrive\Desktop\SpringProjectx\src\platform.c(63,21): warning C4244: 'function': conversion from 'float' to 'int', possible loss of data
C:\Users\ru4en\OneDrive\Desktop\SpringProjectx\src\platform.c(63,31): warning C4244: 'function': conversion from 'float' to 'int', possible loss of data
C:\Users\ru4en\OneDrive\Desktop\SpringProjectx\src\platform.c(63,40): warning C4244: 'function': conversion from 'float' to 'int', possible loss of data
C:\Users\ru4en\OneDrive\Desktop\SpringProjectx\src\platform.c(63,49): warning C4244: 'function': conversion from 'float' to 'int', possible loss of data
  player.c
  sound.c
  stage.c
  text.c
C:\Users\ru4en\OneDrive\Desktop\SpringProjectx\src\text.c(43,30): warning C4267: '=': conversion from 'size_t' to 'int', possible loss of data
  textures.c
C:\Users\ru4en\OneDrive\Desktop\SpringProjectx\src\textures.c(52,32): warning C4028: formal parameter 1 different from declaration
C:\Users\ru4en\OneDrive\Desktop\SpringProjectx\src\textures.c(56,31): warning C4047: 'function': 'char *' differs in levels of indirection from 'char **'
C:\Users\ru4en\OneDrive\Desktop\SpringProjectx\src\textures.c(56,23): warning C4024: 'getTexture': different types for formal and actual parameter 1
C:\Users\ru4en\OneDrive\Desktop\SpringProjectx\src\textures.c(61,51): warning C4047: 'function': 'const char *' differs in levels of indirection from 'char **'
C:\Users\ru4en\OneDrive\Desktop\SpringProjectx\src\textures.c(61,43): warning C4024: 'IMG_LoadTexture': different types for formal and actual parameter 2
C:\Users\ru4en\OneDrive\Desktop\SpringProjectx\src\textures.c(65,29): warning C4047: 'function': 'char *' differs in levels of indirection from 'char **'
C:\Users\ru4en\OneDrive\Desktop\SpringProjectx\src\textures.c(65,21): warning C4024: 'addTextureToCache': different types for formal and actual parameter 1
  util.c
C:\Users\ru4en\OneDrive\Desktop\SpringProjectx\src\util.c(38,17): warning C4244: '=': conversion from 'int' to 'float', possible loss of data
C:\Users\ru4en\OneDrive\Desktop\SpringProjectx\src\util.c(41,17): warning C4244: '=': conversion from 'int' to 'float', possible loss of data
  Generating Code...
  LINK : 0 new modules and 20 (out of 58) modules have changed since prior linking
  LINK : too many modules have changed since prior linking; performing full link
  Invoking LINK.EXE:
  
  Starting pass 1
   /ERRORREPORT:PROMPT @C:\Users\ru4en\AppData\Local\Temp\tmp49dbec4ded364975a4f395571a451cf1.rsp
   /nologo
   /incremental
   /fullbuild
  Processed /DEFAULTLIB:MSVCRTD
  Processed /DEFAULTLIB:OLDNAMES
  Processed /DEFAULTLIB:uuid.lib
  
  Searching libraries
      Searching C:\Program Files (x86)\Windows Kits\10\lib\10.0.19041.0\um\x64\kernel32.lib:
      Searching C:\Program Files (x86)\Windows Kits\10\lib\10.0.19041.0\um\x64\user32.lib:
      Searching C:\Program Files (x86)\Windows Kits\10\lib\10.0.19041.0\um\x64\gdi32.lib:
      Searching C:\Program Files (x86)\Windows Kits\10\lib\10.0.19041.0\um\x64\winspool.lib:
      Searching C:\Program Files (x86)\Windows Kits\10\lib\10.0.19041.0\um\x64\comdlg32.lib:
      Searching C:\Program Files (x86)\Windows Kits\10\lib\10.0.19041.0\um\x64\advapi32.lib:
      Searching C:\Program Files (x86)\Windows Kits\10\lib\10.0.19041.0\um\x64\shell32.lib:
      Searching C:\Program Files (x86)\Windows Kits\10\lib\10.0.19041.0\um\x64\ole32.lib:
      Searching C:\Program Files (x86)\Windows Kits\10\lib\10.0.19041.0\um\x64\oleaut32.lib:
      Searching C:\Program Files (x86)\Windows Kits\10\lib\10.0.19041.0\um\x64\uuid.lib:
      Searching C:\Program Files (x86)\Windows Kits\10\lib\10.0.19041.0\um\x64\odbc32.lib:
      Searching C:\Program Files (x86)\Windows Kits\10\lib\10.0.19041.0\um\x64\odbccp32.lib:
      Searching C:\Users\ru4en\OneDrive\Desktop\SpringProjectx\\SDL2\lib\sdl2.lib:
        Found SDL_GetTicks
          Referenced in main.obj
          Referenced in menu.obj
          Loaded sdl2.lib(SDL2.dll)
        Found SDL_Delay
          Referenced in main.obj
          Loaded sdl2.lib(SDL2.dll)
        Found SDL_QueryTexture
          Referenced in orb.obj
          Referenced in platform.obj
          Referenced in player.obj
          Referenced in attack.obj
          Referenced in block.obj
          Referenced in draw.obj
          Referenced in enemy.obj
          Loaded sdl2.lib(SDL2.dll)
        Found SDL_SetRenderDrawColor
          Referenced in draw.obj
          Referenced in stage.obj
          Loaded sdl2.lib(SDL2.dll)
        Found SDL_RenderClear
          Referenced in draw.obj
          Loaded sdl2.lib(SDL2.dll)
        Found SDL_RenderCopy
          Referenced in draw.obj
          Referenced in init.obj
          Referenced in menu.obj
          Referenced in stage.obj
          Loaded sdl2.lib(SDL2.dll)
        Found SDL_RenderPresent
          Referenced in draw.obj
          Referenced in init.obj
          Referenced in menu.obj
          Loaded sdl2.lib(SDL2.dll)
        Found SDL_LogMessage
          Referenced in entities.obj
          Referenced in textures.obj
          Loaded sdl2.lib(SDL2.dll)
        Found SDL_GetError
          Referenced in init.obj
          Referenced in textures.obj
          Loaded sdl2.lib(SDL2.dll)
        Found SDL_CreateWindow
          Referenced in init.obj
          Loaded sdl2.lib(SDL2.dll)
        Found SDL_DestroyWindow
          Referenced in init.obj
          Loaded sdl2.lib(SDL2.dll)
        Found SDL_ShowCursor
          Referenced in init.obj
          Referenced in menu.obj
          Loaded sdl2.lib(SDL2.dll)
        Found SDL_SetHint
          Referenced in init.obj
          Loaded sdl2.lib(SDL2.dll)
        Found SDL_CreateRenderer
          Referenced in init.obj
          Loaded sdl2.lib(SDL2.dll)
        Found SDL_DestroyRenderer
          Referenced in init.obj
          Loaded sdl2.lib(SDL2.dll)
        Found SDL_Init
          Referenced in init.obj
          Loaded sdl2.lib(SDL2.dll)
        Found SDL_Quit
          Referenced in init.obj
          Loaded sdl2.lib(SDL2.dll)
        Found SDL_PollEvent
          Referenced in input.obj
          Loaded sdl2.lib(SDL2.dll)
        Found SDL_RWFromFile
          Referenced in sound.obj
          Loaded sdl2.lib(SDL2.dll)
        Found SDL_SetRenderDrawBlendMode
          Referenced in stage.obj
          Loaded sdl2.lib(SDL2.dll)
        Found SDL_RenderFillRect
          Referenced in stage.obj
          Loaded sdl2.lib(SDL2.dll)
        Found SDL_SetTextureColorMod
          Referenced in text.obj
          Loaded sdl2.lib(SDL2.dll)
        Found __IMPORT_DESCRIPTOR_SDL2
          Referenced in sdl2.lib(SDL2.dll)
          Referenced in sdl2.lib(SDL2.dll)
          Referenced in sdl2.lib(SDL2.dll)
          Referenced in sdl2.lib(SDL2.dll)
          Referenced in sdl2.lib(SDL2.dll)
          Referenced in sdl2.lib(SDL2.dll)
          Referenced in sdl2.lib(SDL2.dll)
          Referenced in sdl2.lib(SDL2.dll)
          Referenced in sdl2.lib(SDL2.dll)
          Referenced in sdl2.lib(SDL2.dll)
          Referenced in sdl2.lib(SDL2.dll)
          Referenced in sdl2.lib(SDL2.dll)
          Referenced in sdl2.lib(SDL2.dll)
          Referenced in sdl2.lib(SDL2.dll)
          Referenced in sdl2.lib(SDL2.dll)
          Referenced in sdl2.lib(SDL2.dll)
          Referenced in sdl2.lib(SDL2.dll)
          Referenced in sdl2.lib(SDL2.dll)
          Referenced in sdl2.lib(SDL2.dll)
          Referenced in sdl2.lib(SDL2.dll)
          Referenced in sdl2.lib(SDL2.dll)
          Referenced in sdl2.lib(SDL2.dll)
          Loaded sdl2.lib(SDL2.dll)
        Found __NULL_IMPORT_DESCRIPTOR
          Referenced in sdl2.lib(SDL2.dll)
          Loaded sdl2.lib(SDL2.dll)
        Found SDL2_NULL_THUNK_DATA
          Referenced in sdl2.lib(SDL2.dll)
          Loaded sdl2.lib(SDL2.dll)
      Searching C:\Users\ru4en\OneDrive\Desktop\SpringProjectx\\SDL2\lib\sdl2main.lib:
      Searching C:\Users\ru4en\OneDrive\Desktop\SpringProjectx\\SDL2\lib\sdl2_mixer.lib:
        Found Mix_OpenAudio
          Referenced in init.obj
          Loaded sdl2_mixer.lib(SDL2_mixer.dll)
        Found Mix_AllocateChannels
          Referenced in init.obj
          Loaded sdl2_mixer.lib(SDL2_mixer.dll)
        Found Mix_LoadWAV_RW
          Referenced in sound.obj
          Loaded sdl2_mixer.lib(SDL2_mixer.dll)
        Found Mix_LoadMUS
          Referenced in sound.obj
          Loaded sdl2_mixer.lib(SDL2_mixer.dll)
        Found Mix_FreeMusic
          Referenced in sound.obj
          Loaded sdl2_mixer.lib(SDL2_mixer.dll)
        Found Mix_PlayChannelTimed
          Referenced in sound.obj
          Loaded sdl2_mixer.lib(SDL2_mixer.dll)
        Found Mix_PlayMusic
          Referenced in sound.obj
          Loaded sdl2_mixer.lib(SDL2_mixer.dll)
        Found Mix_HaltMusic
          Referenced in sound.obj
          Loaded sdl2_mixer.lib(SDL2_mixer.dll)
        Found __IMPORT_DESCRIPTOR_SDL2_mixer
          Referenced in sdl2_mixer.lib(SDL2_mixer.dll)
          Referenced in sdl2_mixer.lib(SDL2_mixer.dll)
          Referenced in sdl2_mixer.lib(SDL2_mixer.dll)
          Referenced in sdl2_mixer.lib(SDL2_mixer.dll)
          Referenced in sdl2_mixer.lib(SDL2_mixer.dll)
          Referenced in sdl2_mixer.lib(SDL2_mixer.dll)
          Referenced in sdl2_mixer.lib(SDL2_mixer.dll)
          Referenced in sdl2_mixer.lib(SDL2_mixer.dll)
          Loaded sdl2_mixer.lib(SDL2_mixer.dll)
        Found SDL2_mixer_NULL_THUNK_DATA
          Referenced in sdl2_mixer.lib(SDL2_mixer.dll)
          Loaded sdl2_mixer.lib(SDL2_mixer.dll)
      Searching C:\Users\ru4en\OneDrive\Desktop\SpringProjectx\\SDL2\lib\sdl2_image.lib:
        Found IMG_Init
          Referenced in init.obj
          Loaded sdl2_image.lib(SDL2_image.dll)
        Found IMG_LoadTexture
          Referenced in menu.obj
          Referenced in textures.obj
          Loaded sdl2_image.lib(SDL2_image.dll)
        Found __IMPORT_DESCRIPTOR_SDL2_image
          Referenced in sdl2_image.lib(SDL2_image.dll)
          Referenced in sdl2_image.lib(SDL2_image.dll)
          Loaded sdl2_image.lib(SDL2_image.dll)
        Found SDL2_image_NULL_THUNK_DATA
          Referenced in sdl2_image.lib(SDL2_image.dll)
          Loaded sdl2_image.lib(SDL2_image.dll)
      Searching C:\Users\ru4en\OneDrive\Desktop\SpringProjectx\\SDL2\lib\sdl2_ttf.lib:
      Searching C:\Program Files\Microsoft Visual Studio\2022\Community\VC\Tools\MSVC\14.29.30133\lib\x64\MSVCRTD.lib:
        Found atexit
          Referenced in main.obj
          Loaded MSVCRTD.lib(utility.obj)
        Found _RTC_CheckStackVars
          Referenced in text.obj
          Referenced in orb.obj
          Referenced in platform.obj
          Referenced in sound.obj
          Referenced in stage.obj
          Referenced in entities.obj
          Referenced in init.obj
          Referenced in input.obj
          Referenced in map.obj
          Referenced in main.obj
          Referenced in block.obj
          Referenced in draw.obj
          Referenced in enemy.obj
          Loaded MSVCRTD.lib(stack.obj)
        Found _RTC_InitBase
          Referenced in stage.obj
          Referenced in text.obj
          Referenced in textures.obj
          Referenced in util.obj
          Referenced in orb.obj
          Referenced in platform.obj
          Referenced in player.obj
          Referenced in sound.obj
          Referenced in input.obj
          Referenced in io.obj
          Referenced in menu.obj
          Referenced in map.obj
          Referenced in draw.obj
          Referenced in enemy.obj
          Referenced in entities.obj
          Referenced in init.obj
          Referenced in main.obj
          Referenced in attack.obj
          Referenced in block.obj
          Referenced in camera.obj
          Loaded MSVCRTD.lib(init.obj)
        Found __CheckForDebuggerJustMyCode
          Referenced in stage.obj
          Referenced in text.obj
          Referenced in textures.obj
          Referenced in util.obj
          Referenced in orb.obj
          Referenced in platform.obj
          Referenced in player.obj
          Referenced in sound.obj
          Referenced in input.obj
          Referenced in io.obj
          Referenced in menu.obj
          Referenced in map.obj
          Referenced in draw.obj
          Referenced in enemy.obj
          Referenced in entities.obj
          Referenced in init.obj
          Referenced in main.obj
          Referenced in attack.obj
          Referenced in block.obj
          Referenced in camera.obj
          Loaded MSVCRTD.lib(debugger_jmc.obj)
        Found __GSHandlerCheck
          Referenced in text.obj
          Referenced in orb.obj
          Referenced in platform.obj
          Referenced in sound.obj
          Referenced in stage.obj
          Referenced in entities.obj
          Referenced in init.obj
          Referenced in input.obj
          Referenced in map.obj
          Referenced in main.obj
          Referenced in block.obj
          Referenced in draw.obj
          Referenced in enemy.obj
          Loaded MSVCRTD.lib(gshandler.obj)
        Found __security_check_cookie
          Referenced in text.obj
          Referenced in MSVCRTD.lib(gshandler.obj)
          Referenced in orb.obj
          Referenced in platform.obj
          Referenced in sound.obj
          Referenced in stage.obj
          Referenced in entities.obj
          Referenced in init.obj
          Referenced in input.obj
          Referenced in map.obj
          Referenced in main.obj
          Referenced in block.obj
          Referenced in draw.obj
          Referenced in enemy.obj
          Loaded MSVCRTD.lib(amdsecgs.obj)
        Found __security_cookie
          Referenced in text.obj
          Referenced in MSVCRTD.lib(amdsecgs.obj)
          Referenced in orb.obj
          Referenced in platform.obj
          Referenced in sound.obj
          Referenced in stage.obj
          Referenced in entities.obj
          Referenced in init.obj
          Referenced in input.obj
          Referenced in map.obj
          Referenced in main.obj
          Referenced in block.obj
          Referenced in draw.obj
          Referenced in enemy.obj
          Loaded MSVCRTD.lib(gs_cookie.obj)
        Found _fltused
          Referenced in util.obj
          Referenced in orb.obj
          Referenced in platform.obj
          Referenced in player.obj
          Referenced in stage.obj
          Referenced in main.obj
          Referenced in attack.obj
          Referenced in enemy.obj
          Referenced in entities.obj
          Loaded MSVCRTD.lib(fltused.obj)
        Found WinMainCRTStartup
          Loaded MSVCRTD.lib(exe_winmain.obj)
        Found __isa_available_init
          Referenced in MSVCRTD.lib(utility.obj)
          Loaded MSVCRTD.lib(cpu_disp.obj)
        Found _get_startup_argv_mode
          Referenced in MSVCRTD.lib(utility.obj)
          Referenced in MSVCRTD.lib(exe_winmain.obj)
          Loaded MSVCRTD.lib(argv_mode.obj)
        Found __scrt_is_ucrt_dll_in_use
          Referenced in MSVCRTD.lib(utility.obj)
          Loaded MSVCRTD.lib(ucrt_detection.obj)
        Found __scrt_fastfail
          Referenced in MSVCRTD.lib(utility.obj)
          Referenced in MSVCRTD.lib(exe_winmain.obj)
          Loaded MSVCRTD.lib(utility_desktop.obj)
        Found __guard_dispatch_icall_fptr
          Referenced in MSVCRTD.lib(utility.obj)
          Referenced in MSVCRTD.lib(exe_winmain.obj)
          Loaded MSVCRTD.lib(guard_support.obj)
        Found "void __cdecl _RTC_StackFailure(void *,char const *)" (?_RTC_StackFailure@@YAXPEAXPEBD@Z)
          Referenced in MSVCRTD.lib(stack.obj)
          Loaded MSVCRTD.lib(error.obj)
        Found _RTC_SetErrorFuncW
          Referenced in MSVCRTD.lib(init.obj)
          Loaded MSVCRTD.lib(userapi.obj)
        Found __report_gsfailure
          Referenced in MSVCRTD.lib(amdsecgs.obj)
          Loaded MSVCRTD.lib(gs_report.obj)
        Found __security_init_cookie
          Referenced in MSVCRTD.lib(exe_winmain.obj)
          Loaded MSVCRTD.lib(gs_support.obj)
        Found _matherr
          Referenced in MSVCRTD.lib(exe_winmain.obj)
          Loaded MSVCRTD.lib(matherr.obj)
        Found _get_startup_commit_mode
          Referenced in MSVCRTD.lib(exe_winmain.obj)
          Loaded MSVCRTD.lib(commit_mode.obj)
        Found _get_startup_file_mode
          Referenced in MSVCRTD.lib(exe_winmain.obj)
          Loaded MSVCRTD.lib(file_mode.obj)
        Found _get_startup_new_mode
          Referenced in MSVCRTD.lib(exe_winmain.obj)
          Loaded MSVCRTD.lib(new_mode.obj)
        Found _get_startup_thread_locale_mode
          Referenced in MSVCRTD.lib(exe_winmain.obj)
          Loaded MSVCRTD.lib(thread_locale.obj)
        Found "void __cdecl __scrt_initialize_type_info(void)" (?__scrt_initialize_type_info@@YAXXZ)
          Referenced in MSVCRTD.lib(exe_winmain.obj)
          Loaded MSVCRTD.lib(tncleanup.obj)
        Found _should_initialize_environment
          Referenced in MSVCRTD.lib(exe_winmain.obj)
          Loaded MSVCRTD.lib(env_mode.obj)
        Found _initialize_invalid_parameter_handler
          Referenced in MSVCRTD.lib(exe_winmain.obj)
          Loaded MSVCRTD.lib(invalid_parameter_handler.obj)
        Found _initialize_denormal_control
          Referenced in MSVCRTD.lib(exe_winmain.obj)
          Loaded MSVCRTD.lib(denormal_control.obj)
        Found __scrt_initialize_default_local_stdio_options
          Referenced in MSVCRTD.lib(exe_winmain.obj)
          Loaded MSVCRTD.lib(default_local_stdio_options.obj)
        Found __scrt_is_user_matherr_present
          Referenced in MSVCRTD.lib(exe_winmain.obj)
          Loaded MSVCRTD.lib(matherr_detection.obj)
        Found __scrt_get_dyn_tls_init_callback
          Referenced in MSVCRTD.lib(exe_winmain.obj)
          Loaded MSVCRTD.lib(dyn_tls_init.obj)
        Found __scrt_get_dyn_tls_dtor_callback
          Referenced in MSVCRTD.lib(exe_winmain.obj)
          Loaded MSVCRTD.lib(dyn_tls_dtor.obj)
        Found _RTC_Initialize
          Referenced in MSVCRTD.lib(exe_winmain.obj)
          Loaded MSVCRTD.lib(initsect.obj)
        Found __xi_a
          Referenced in MSVCRTD.lib(exe_winmain.obj)
          Loaded MSVCRTD.lib(initializers.obj)
  Processed /DEFAULTLIB:kernel32.lib
   Processed /DISALLOWLIB:msvcrt.lib
   Processed /DISALLOWLIB:libcmt.lib
   Processed /DISALLOWLIB:libcmtd.lib
   Processed /DISALLOWLIB:vcruntime.lib
  Processed /DEFAULTLIB:vcruntimed.lib
   Processed /DISALLOWLIB:libvcruntime.lib
   Processed /DISALLOWLIB:libvcruntimed.lib
   Processed /DISALLOWLIB:ucrt.lib
  Processed /DEFAULTLIB:ucrtd.lib
   Processed /DISALLOWLIB:libucrt.lib
   Processed /DISALLOWLIB:libucrtd.lib
        Found _guard_dispatch_icall_nop
          Referenced in MSVCRTD.lib(guard_support.obj)
          Loaded MSVCRTD.lib(guard_dispatch.obj)
        Found _guard_xfg_dispatch_icall_nop
          Referenced in MSVCRTD.lib(guard_support.obj)
          Loaded MSVCRTD.lib(guard_xfg_dispatch.obj)
        Found "int __cdecl _RTC_GetSrcLine(unsigned char *,wchar_t *,unsigned long,int *,wchar_t *,unsigned long)" (?_RTC_GetSrcLine@@YAHPEAEPEA_WKPEAH1K@Z)
          Referenced in MSVCRTD.lib(error.obj)
          Loaded MSVCRTD.lib(pdblkup.obj)
      Searching C:\Program Files\Microsoft Visual Studio\2022\Community\VC\Tools\MSVC\14.29.30133\lib\x64\OLDNAMES.lib:
      Searching C:\Program Files\Microsoft Visual Studio\2022\Community\VC\Tools\MSVC\14.29.30133\lib\x64\vcruntimed.lib:
        Found memset
          Referenced in text.obj
          Referenced in textures.obj
          Referenced in platform.obj
          Referenced in player.obj
          Referenced in sound.obj
          Referenced in stage.obj
          Referenced in entities.obj
          Referenced in io.obj
          Referenced in map.obj
          Referenced in orb.obj
          Referenced in main.obj
          Referenced in attack.obj
          Referenced in block.obj
          Referenced in enemy.obj
          Loaded vcruntimed.lib(VCRUNTIME140D.dll)
        Found __C_specific_handler
          Referenced in MSVCRTD.lib(utility.obj)
          Referenced in MSVCRTD.lib(exe_winmain.obj)
          Loaded vcruntimed.lib(VCRUNTIME140D.dll)
        Found __current_exception
          Referenced in MSVCRTD.lib(utility_desktop.obj)
          Loaded vcruntimed.lib(VCRUNTIME140D.dll)
        Found __current_exception_context
          Referenced in MSVCRTD.lib(utility_desktop.obj)
          Loaded vcruntimed.lib(VCRUNTIME140D.dll)
        Found __C_specific_handler_noexcept
          Referenced in MSVCRTD.lib(error.obj)
          Loaded vcruntimed.lib(VCRUNTIME140D.dll)
        Found __std_type_info_destroy_list
          Referenced in MSVCRTD.lib(tncleanup.obj)
          Loaded vcruntimed.lib(VCRUNTIME140D.dll)
        Found __vcrt_GetModuleFileNameW
          Referenced in MSVCRTD.lib(pdblkup.obj)
          Loaded vcruntimed.lib(VCRUNTIME140D.dll)
        Found __vcrt_GetModuleHandleW
          Referenced in MSVCRTD.lib(pdblkup.obj)
          Loaded vcruntimed.lib(VCRUNTIME140D.dll)
        Found __vcrt_LoadLibraryExW
          Referenced in MSVCRTD.lib(pdblkup.obj)
          Loaded vcruntimed.lib(VCRUNTIME140D.dll)
        Found __IMPORT_DESCRIPTOR_VCRUNTIME140D
          Referenced in vcruntimed.lib(VCRUNTIME140D.dll)
          Referenced in vcruntimed.lib(VCRUNTIME140D.dll)
          Referenced in vcruntimed.lib(VCRUNTIME140D.dll)
          Referenced in vcruntimed.lib(VCRUNTIME140D.dll)
          Referenced in vcruntimed.lib(VCRUNTIME140D.dll)
          Referenced in vcruntimed.lib(VCRUNTIME140D.dll)
          Referenced in vcruntimed.lib(VCRUNTIME140D.dll)
          Referenced in vcruntimed.lib(VCRUNTIME140D.dll)
          Referenced in vcruntimed.lib(VCRUNTIME140D.dll)
          Loaded vcruntimed.lib(VCRUNTIME140D.dll)
        Found VCRUNTIME140D_NULL_THUNK_DATA
          Referenced in vcruntimed.lib(VCRUNTIME140D.dll)
          Loaded vcruntimed.lib(VCRUNTIME140D.dll)
      Searching C:\Program Files (x86)\Windows Kits\10\lib\10.0.19041.0\ucrt\x64\ucrtd.lib:
        Found __imp_malloc
          Referenced in orb.obj
          Referenced in platform.obj
          Referenced in player.obj
          Referenced in textures.obj
          Referenced in attack.obj
          Referenced in block.obj
          Referenced in enemy.obj
          Referenced in io.obj
          Loaded ucrtd.lib(ucrtbased.dll)
        Found __imp___stdio_common_vsscanf
          Referenced in orb.obj
          Referenced in platform.obj
          Referenced in block.obj
          Referenced in enemy.obj
          Referenced in entities.obj
          Referenced in map.obj
          Loaded ucrtd.lib(ucrtbased.dll)
        Found abs
          Referenced in enemy.obj
          Referenced in platform.obj
          Referenced in util.obj
          Loaded ucrtd.lib(ucrtbased.dll)
        Found __imp_free
          Referenced in entities.obj
          Referenced in map.obj
          Loaded ucrtd.lib(ucrtbased.dll)
        Found strcmp
          Referenced in entities.obj
          Referenced in textures.obj
          Loaded ucrtd.lib(ucrtbased.dll)
        Found __imp_exit
          Referenced in init.obj
          Referenced in input.obj
          Loaded ucrtd.lib(ucrtbased.dll)
        Found __imp___acrt_iob_func
          Referenced in init.obj
          Referenced in sound.obj
          Loaded ucrtd.lib(ucrtbased.dll)
        Found __imp___stdio_common_vfprintf
          Referenced in init.obj
          Referenced in sound.obj
          Loaded ucrtd.lib(ucrtbased.dll)
        Found __imp_fclose
          Referenced in io.obj
          Loaded ucrtd.lib(ucrtbased.dll)
        Found __imp_fopen
          Referenced in io.obj
          Loaded ucrtd.lib(ucrtbased.dll)
        Found __imp_fread
          Referenced in io.obj
          Loaded ucrtd.lib(ucrtbased.dll)
        Found __imp_fseek
          Referenced in io.obj
          Loaded ucrtd.lib(ucrtbased.dll)
        Found __imp_ftell
          Referenced in io.obj
          Loaded ucrtd.lib(ucrtbased.dll)
        Found __imp___stdio_common_vsprintf
          Referenced in map.obj
          Referenced in text.obj
          Loaded ucrtd.lib(ucrtbased.dll)
        Found sin
          Referenced in orb.obj
          Loaded ucrtd.lib(ucrtbased.dll)
        Found strlen
          Referenced in text.obj
          Loaded ucrtd.lib(ucrtbased.dll)
        Found __imp_strncpy
          Referenced in textures.obj
          Loaded ucrtd.lib(ucrtbased.dll)
        Found _seh_filter_dll
          Referenced in MSVCRTD.lib(utility.obj)
          Loaded ucrtd.lib(ucrtbased.dll)
        Found _configure_narrow_argv
          Referenced in MSVCRTD.lib(utility.obj)
          Referenced in MSVCRTD.lib(exe_winmain.obj)
          Loaded ucrtd.lib(ucrtbased.dll)
        Found _initialize_narrow_environment
          Referenced in MSVCRTD.lib(utility.obj)
          Referenced in MSVCRTD.lib(exe_winmain.obj)
          Loaded ucrtd.lib(ucrtbased.dll)
        Found _initialize_onexit_table
          Referenced in MSVCRTD.lib(utility.obj)
          Loaded ucrtd.lib(ucrtbased.dll)
        Found _register_onexit_function
          Referenced in MSVCRTD.lib(utility.obj)
          Loaded ucrtd.lib(ucrtbased.dll)
        Found _execute_onexit_table
          Referenced in MSVCRTD.lib(utility.obj)
          Loaded ucrtd.lib(ucrtbased.dll)
        Found _crt_atexit
          Referenced in MSVCRTD.lib(utility.obj)
          Loaded ucrtd.lib(ucrtbased.dll)
        Found _crt_at_quick_exit
          Referenced in MSVCRTD.lib(utility.obj)
          Loaded ucrtd.lib(ucrtbased.dll)
        Found _cexit
          Referenced in MSVCRTD.lib(utility.obj)
          Referenced in MSVCRTD.lib(exe_winmain.obj)
          Loaded ucrtd.lib(ucrtbased.dll)
        Found _CrtDbgReport
          Referenced in MSVCRTD.lib(init.obj)
          Loaded ucrtd.lib(ucrtbased.dll)
        Found _CrtDbgReportW
          Referenced in MSVCRTD.lib(init.obj)
          Loaded ucrtd.lib(ucrtbased.dll)
        Found _seh_filter_exe
          Referenced in MSVCRTD.lib(exe_winmain.obj)
          Loaded ucrtd.lib(ucrtbased.dll)
        Found _set_app_type
          Referenced in MSVCRTD.lib(exe_winmain.obj)
          Loaded ucrtd.lib(ucrtbased.dll)
        Found __setusermatherr
          Referenced in MSVCRTD.lib(exe_winmain.obj)
          Loaded ucrtd.lib(ucrtbased.dll)
        Found _get_narrow_winmain_command_line
          Referenced in MSVCRTD.lib(exe_winmain.obj)
          Loaded ucrtd.lib(ucrtbased.dll)
        Found _initterm
          Referenced in MSVCRTD.lib(exe_winmain.obj)
          Loaded ucrtd.lib(ucrtbased.dll)
        Found _initterm_e
          Referenced in MSVCRTD.lib(exe_winmain.obj)
          Loaded ucrtd.lib(ucrtbased.dll)
        Found _exit
          Referenced in MSVCRTD.lib(exe_winmain.obj)
          Loaded ucrtd.lib(ucrtbased.dll)
        Found _set_fmode
          Referenced in MSVCRTD.lib(exe_winmain.obj)
          Loaded ucrtd.lib(ucrtbased.dll)
        Found _c_exit
          Referenced in MSVCRTD.lib(exe_winmain.obj)
          Loaded ucrtd.lib(ucrtbased.dll)
        Found _register_thread_local_exe_atexit_callback
          Referenced in MSVCRTD.lib(exe_winmain.obj)
          Loaded ucrtd.lib(ucrtbased.dll)
        Found _configthreadlocale
          Referenced in MSVCRTD.lib(exe_winmain.obj)
          Loaded ucrtd.lib(ucrtbased.dll)
        Found _set_new_mode
          Referenced in MSVCRTD.lib(exe_winmain.obj)
          Loaded ucrtd.lib(ucrtbased.dll)
        Found __p__commode
          Referenced in MSVCRTD.lib(exe_winmain.obj)
          Loaded ucrtd.lib(ucrtbased.dll)
        Found terminate
          Referenced in MSVCRTD.lib(utility_desktop.obj)
          Loaded ucrtd.lib(ucrtbased.dll)
        Found strcpy_s
          Referenced in MSVCRTD.lib(error.obj)
          Loaded ucrtd.lib(ucrtbased.dll)
        Found strcat_s
          Referenced in MSVCRTD.lib(error.obj)
          Loaded ucrtd.lib(ucrtbased.dll)
        Found __stdio_common_vsprintf_s
          Referenced in MSVCRTD.lib(error.obj)
          Loaded ucrtd.lib(ucrtbased.dll)
        Found _wmakepath_s
          Referenced in MSVCRTD.lib(pdblkup.obj)
          Loaded ucrtd.lib(ucrtbased.dll)
        Found _wsplitpath_s
          Referenced in MSVCRTD.lib(pdblkup.obj)
          Loaded ucrtd.lib(ucrtbased.dll)
        Found wcscpy_s
          Referenced in MSVCRTD.lib(pdblkup.obj)
          Loaded ucrtd.lib(ucrtbased.dll)
        Found __IMPORT_DESCRIPTOR_ucrtbased
          Referenced in ucrtd.lib(ucrtbased.dll)
          Referenced in ucrtd.lib(ucrtbased.dll)
          Referenced in ucrtd.lib(ucrtbased.dll)
          Referenced in ucrtd.lib(ucrtbased.dll)
          Referenced in ucrtd.lib(ucrtbased.dll)
          Referenced in ucrtd.lib(ucrtbased.dll)
          Referenced in ucrtd.lib(ucrtbased.dll)
          Referenced in ucrtd.lib(ucrtbased.dll)
          Referenced in ucrtd.lib(ucrtbased.dll)
          Referenced in ucrtd.lib(ucrtbased.dll)
          Referenced in ucrtd.lib(ucrtbased.dll)
          Referenced in ucrtd.lib(ucrtbased.dll)
          Referenced in ucrtd.lib(ucrtbased.dll)
          Referenced in ucrtd.lib(ucrtbased.dll)
          Referenced in ucrtd.lib(ucrtbased.dll)
          Referenced in ucrtd.lib(ucrtbased.dll)
          Referenced in ucrtd.lib(ucrtbased.dll)
          Referenced in ucrtd.lib(ucrtbased.dll)
          Referenced in ucrtd.lib(ucrtbased.dll)
          Referenced in ucrtd.lib(ucrtbased.dll)
          Referenced in ucrtd.lib(ucrtbased.dll)
          Referenced in ucrtd.lib(ucrtbased.dll)
          Referenced in ucrtd.lib(ucrtbased.dll)
          Referenced in ucrtd.lib(ucrtbased.dll)
          Referenced in ucrtd.lib(ucrtbased.dll)
          Referenced in ucrtd.lib(ucrtbased.dll)
          Referenced in ucrtd.lib(ucrtbased.dll)
          Referenced in ucrtd.lib(ucrtbased.dll)
          Referenced in ucrtd.lib(ucrtbased.dll)
          Referenced in ucrtd.lib(ucrtbased.dll)
          Referenced in ucrtd.lib(ucrtbased.dll)
          Referenced in ucrtd.lib(ucrtbased.dll)
          Referenced in ucrtd.lib(ucrtbased.dll)
          Referenced in ucrtd.lib(ucrtbased.dll)
          Referenced in ucrtd.lib(ucrtbased.dll)
          Referenced in ucrtd.lib(ucrtbased.dll)
          Referenced in ucrtd.lib(ucrtbased.dll)
          Referenced in ucrtd.lib(ucrtbased.dll)
          Referenced in ucrtd.lib(ucrtbased.dll)
          Referenced in ucrtd.lib(ucrtbased.dll)
          Referenced in ucrtd.lib(ucrtbased.dll)
          Referenced in ucrtd.lib(ucrtbased.dll)
          Referenced in ucrtd.lib(ucrtbased.dll)
          Referenced in ucrtd.lib(ucrtbased.dll)
          Referenced in ucrtd.lib(ucrtbased.dll)
          Referenced in ucrtd.lib(ucrtbased.dll)
          Referenced in ucrtd.lib(ucrtbased.dll)
          Referenced in ucrtd.lib(ucrtbased.dll)
          Loaded ucrtd.lib(ucrtbased.dll)
        Found ucrtbased_NULL_THUNK_DATA
          Referenced in ucrtd.lib(ucrtbased.dll)
          Loaded ucrtd.lib(ucrtbased.dll)
      Searching C:\Program Files (x86)\Windows Kits\10\lib\10.0.19041.0\um\x64\kernel32.lib:
        Found __imp_GetCurrentThreadId
          Referenced in MSVCRTD.lib(debugger_jmc.obj)
          Referenced in MSVCRTD.lib(gs_support.obj)
          Loaded kernel32.lib(KERNEL32.dll)
        Found __imp_RtlCaptureContext
          Referenced in MSVCRTD.lib(utility_desktop.obj)
          Referenced in MSVCRTD.lib(gs_report.obj)
          Loaded kernel32.lib(KERNEL32.dll)
        Found __imp_RtlLookupFunctionEntry
          Referenced in MSVCRTD.lib(utility_desktop.obj)
          Referenced in MSVCRTD.lib(gs_report.obj)
          Loaded kernel32.lib(KERNEL32.dll)
        Found __imp_RtlVirtualUnwind
          Referenced in MSVCRTD.lib(utility_desktop.obj)
          Referenced in MSVCRTD.lib(gs_report.obj)
          Loaded kernel32.lib(KERNEL32.dll)
        Found __imp_IsDebuggerPresent
          Referenced in MSVCRTD.lib(utility_desktop.obj)
          Referenced in MSVCRTD.lib(error.obj)
          Loaded kernel32.lib(KERNEL32.dll)
        Found __imp_UnhandledExceptionFilter
          Referenced in MSVCRTD.lib(utility_desktop.obj)
          Referenced in MSVCRTD.lib(gs_report.obj)
          Loaded kernel32.lib(KERNEL32.dll)
        Found __imp_SetUnhandledExceptionFilter
          Referenced in MSVCRTD.lib(utility_desktop.obj)
          Referenced in MSVCRTD.lib(gs_report.obj)
          Loaded kernel32.lib(KERNEL32.dll)
        Found __imp_GetStartupInfoW
          Referenced in MSVCRTD.lib(utility_desktop.obj)
          Loaded kernel32.lib(KERNEL32.dll)
        Found __imp_IsProcessorFeaturePresent
          Referenced in MSVCRTD.lib(utility_desktop.obj)
          Referenced in MSVCRTD.lib(gs_report.obj)
          Loaded kernel32.lib(KERNEL32.dll)
        Found __imp_GetModuleHandleW
          Referenced in MSVCRTD.lib(utility_desktop.obj)
          Loaded kernel32.lib(KERNEL32.dll)
        Found __imp_RaiseException
          Referenced in MSVCRTD.lib(error.obj)
          Loaded kernel32.lib(KERNEL32.dll)
        Found __imp_MultiByteToWideChar
          Referenced in MSVCRTD.lib(error.obj)
          Loaded kernel32.lib(KERNEL32.dll)
        Found __imp_WideCharToMultiByte
          Referenced in MSVCRTD.lib(error.obj)
          Loaded kernel32.lib(KERNEL32.dll)
        Found __imp_GetCurrentProcess
          Referenced in MSVCRTD.lib(gs_report.obj)
          Loaded kernel32.lib(KERNEL32.dll)
        Found __imp_TerminateProcess
          Referenced in MSVCRTD.lib(gs_report.obj)
          Loaded kernel32.lib(KERNEL32.dll)
        Found __imp_QueryPerformanceCounter
          Referenced in MSVCRTD.lib(gs_support.obj)
          Loaded kernel32.lib(KERNEL32.dll)
        Found __imp_GetCurrentProcessId
          Referenced in MSVCRTD.lib(gs_support.obj)
          Loaded kernel32.lib(KERNEL32.dll)
        Found __imp_GetSystemTimeAsFileTime
          Referenced in MSVCRTD.lib(gs_support.obj)
          Loaded kernel32.lib(KERNEL32.dll)
        Found __imp_InitializeSListHead
          Referenced in MSVCRTD.lib(tncleanup.obj)
          Loaded kernel32.lib(KERNEL32.dll)
        Found __imp_GetLastError
          Referenced in MSVCRTD.lib(pdblkup.obj)
          Loaded kernel32.lib(KERNEL32.dll)
        Found __imp_HeapAlloc
          Referenced in MSVCRTD.lib(pdblkup.obj)
          Loaded kernel32.lib(KERNEL32.dll)
        Found __imp_HeapFree
          Referenced in MSVCRTD.lib(pdblkup.obj)
          Loaded kernel32.lib(KERNEL32.dll)
        Found __imp_GetProcessHeap
          Referenced in MSVCRTD.lib(pdblkup.obj)
          Loaded kernel32.lib(KERNEL32.dll)
        Found __imp_VirtualQuery
          Referenced in MSVCRTD.lib(pdblkup.obj)
          Loaded kernel32.lib(KERNEL32.dll)
        Found __imp_FreeLibrary
          Referenced in MSVCRTD.lib(pdblkup.obj)
          Loaded kernel32.lib(KERNEL32.dll)
        Found __imp_GetProcAddress
          Referenced in MSVCRTD.lib(pdblkup.obj)
          Loaded kernel32.lib(KERNEL32.dll)
        Found __IMPORT_DESCRIPTOR_KERNEL32
          Referenced in kernel32.lib(KERNEL32.dll)
          Referenced in kernel32.lib(KERNEL32.dll)
          Referenced in kernel32.lib(KERNEL32.dll)
          Referenced in kernel32.lib(KERNEL32.dll)
          Referenced in kernel32.lib(KERNEL32.dll)
          Referenced in kernel32.lib(KERNEL32.dll)
          Referenced in kernel32.lib(KERNEL32.dll)
          Referenced in kernel32.lib(KERNEL32.dll)
          Referenced in kernel32.lib(KERNEL32.dll)
          Referenced in kernel32.lib(KERNEL32.dll)
          Referenced in kernel32.lib(KERNEL32.dll)
          Referenced in kernel32.lib(KERNEL32.dll)
          Referenced in kernel32.lib(KERNEL32.dll)
          Referenced in kernel32.lib(KERNEL32.dll)
          Referenced in kernel32.lib(KERNEL32.dll)
          Referenced in kernel32.lib(KERNEL32.dll)
          Referenced in kernel32.lib(KERNEL32.dll)
          Referenced in kernel32.lib(KERNEL32.dll)
          Referenced in kernel32.lib(KERNEL32.dll)
          Referenced in kernel32.lib(KERNEL32.dll)
          Referenced in kernel32.lib(KERNEL32.dll)
          Referenced in kernel32.lib(KERNEL32.dll)
          Referenced in kernel32.lib(KERNEL32.dll)
          Referenced in kernel32.lib(KERNEL32.dll)
          Referenced in kernel32.lib(KERNEL32.dll)
          Referenced in kernel32.lib(KERNEL32.dll)
          Loaded kernel32.lib(KERNEL32.dll)
        Found KERNEL32_NULL_THUNK_DATA
          Referenced in kernel32.lib(KERNEL32.dll)
          Loaded kernel32.lib(KERNEL32.dll)
      Searching C:\Program Files (x86)\Windows Kits\10\lib\10.0.19041.0\um\x64\user32.lib:
      Searching C:\Program Files (x86)\Windows Kits\10\lib\10.0.19041.0\um\x64\gdi32.lib:
      Searching C:\Program Files (x86)\Windows Kits\10\lib\10.0.19041.0\um\x64\winspool.lib:
      Searching C:\Program Files (x86)\Windows Kits\10\lib\10.0.19041.0\um\x64\comdlg32.lib:
      Searching C:\Program Files (x86)\Windows Kits\10\lib\10.0.19041.0\um\x64\advapi32.lib:
      Searching C:\Program Files (x86)\Windows Kits\10\lib\10.0.19041.0\um\x64\shell32.lib:
      Searching C:\Program Files (x86)\Windows Kits\10\lib\10.0.19041.0\um\x64\ole32.lib:
      Searching C:\Program Files (x86)\Windows Kits\10\lib\10.0.19041.0\um\x64\oleaut32.lib:
      Searching C:\Program Files (x86)\Windows Kits\10\lib\10.0.19041.0\um\x64\uuid.lib:
      Searching C:\Program Files (x86)\Windows Kits\10\lib\10.0.19041.0\um\x64\odbc32.lib:
      Searching C:\Program Files (x86)\Windows Kits\10\lib\10.0.19041.0\um\x64\odbccp32.lib:
      Searching C:\Users\ru4en\OneDrive\Desktop\SpringProjectx\\SDL2\lib\sdl2.lib:
      Searching C:\Users\ru4en\OneDrive\Desktop\SpringProjectx\\SDL2\lib\sdl2main.lib:
      Searching C:\Users\ru4en\OneDrive\Desktop\SpringProjectx\\SDL2\lib\sdl2_mixer.lib:
      Searching C:\Users\ru4en\OneDrive\Desktop\SpringProjectx\\SDL2\lib\sdl2_image.lib:
      Searching C:\Users\ru4en\OneDrive\Desktop\SpringProjectx\\SDL2\lib\sdl2_ttf.lib:
      Searching C:\Program Files\Microsoft Visual Studio\2022\Community\VC\Tools\MSVC\14.29.30133\lib\x64\MSVCRTD.lib:
      Searching C:\Program Files\Microsoft Visual Studio\2022\Community\VC\Tools\MSVC\14.29.30133\lib\x64\OLDNAMES.lib:
      Searching C:\Program Files\Microsoft Visual Studio\2022\Community\VC\Tools\MSVC\14.29.30133\lib\x64\vcruntimed.lib:
      Searching C:\Program Files (x86)\Windows Kits\10\lib\10.0.19041.0\ucrt\x64\ucrtd.lib:
  
  Finished searching libraries
  
  Searching libraries
      Searching C:\Program Files (x86)\Windows Kits\10\lib\10.0.19041.0\um\x64\kernel32.lib:
      Searching C:\Program Files (x86)\Windows Kits\10\lib\10.0.19041.0\um\x64\user32.lib:
      Searching C:\Program Files (x86)\Windows Kits\10\lib\10.0.19041.0\um\x64\gdi32.lib:
      Searching C:\Program Files (x86)\Windows Kits\10\lib\10.0.19041.0\um\x64\winspool.lib:
      Searching C:\Program Files (x86)\Windows Kits\10\lib\10.0.19041.0\um\x64\comdlg32.lib:
      Searching C:\Program Files (x86)\Windows Kits\10\lib\10.0.19041.0\um\x64\advapi32.lib:
      Searching C:\Program Files (x86)\Windows Kits\10\lib\10.0.19041.0\um\x64\shell32.lib:
      Searching C:\Program Files (x86)\Windows Kits\10\lib\10.0.19041.0\um\x64\ole32.lib:
      Searching C:\Program Files (x86)\Windows Kits\10\lib\10.0.19041.0\um\x64\oleaut32.lib:
      Searching C:\Program Files (x86)\Windows Kits\10\lib\10.0.19041.0\um\x64\uuid.lib:
      Searching C:\Program Files (x86)\Windows Kits\10\lib\10.0.19041.0\um\x64\odbc32.lib:
      Searching C:\Program Files (x86)\Windows Kits\10\lib\10.0.19041.0\um\x64\odbccp32.lib:
      Searching C:\Users\ru4en\OneDrive\Desktop\SpringProjectx\\SDL2\lib\sdl2.lib:
      Searching C:\Users\ru4en\OneDrive\Desktop\SpringProjectx\\SDL2\lib\sdl2main.lib:
      Searching C:\Users\ru4en\OneDrive\Desktop\SpringProjectx\\SDL2\lib\sdl2_mixer.lib:
      Searching C:\Users\ru4en\OneDrive\Desktop\SpringProjectx\\SDL2\lib\sdl2_image.lib:
      Searching C:\Users\ru4en\OneDrive\Desktop\SpringProjectx\\SDL2\lib\sdl2_ttf.lib:
      Searching C:\Program Files\Microsoft Visual Studio\2022\Community\VC\Tools\MSVC\14.29.30133\lib\x64\MSVCRTD.lib:
        Found __scrt_stub_for_acrt_initialize
          Loaded MSVCRTD.lib(ucrt_stubs.obj)
      Searching C:\Program Files\Microsoft Visual Studio\2022\Community\VC\Tools\MSVC\14.29.30133\lib\x64\OLDNAMES.lib:
      Searching C:\Program Files\Microsoft Visual Studio\2022\Community\VC\Tools\MSVC\14.29.30133\lib\x64\vcruntimed.lib:
      Searching C:\Program Files (x86)\Windows Kits\10\lib\10.0.19041.0\ucrt\x64\ucrtd.lib:
  
  Finished searching libraries
  
  Searching libraries
      Searching C:\Program Files (x86)\Windows Kits\10\lib\10.0.19041.0\um\x64\kernel32.lib:
      Searching C:\Program Files (x86)\Windows Kits\10\lib\10.0.19041.0\um\x64\user32.lib:
      Searching C:\Program Files (x86)\Windows Kits\10\lib\10.0.19041.0\um\x64\gdi32.lib:
      Searching C:\Program Files (x86)\Windows Kits\10\lib\10.0.19041.0\um\x64\winspool.lib:
      Searching C:\Program Files (x86)\Windows Kits\10\lib\10.0.19041.0\um\x64\comdlg32.lib:
      Searching C:\Program Files (x86)\Windows Kits\10\lib\10.0.19041.0\um\x64\advapi32.lib:
      Searching C:\Program Files (x86)\Windows Kits\10\lib\10.0.19041.0\um\x64\shell32.lib:
      Searching C:\Program Files (x86)\Windows Kits\10\lib\10.0.19041.0\um\x64\ole32.lib:
      Searching C:\Program Files (x86)\Windows Kits\10\lib\10.0.19041.0\um\x64\oleaut32.lib:
      Searching C:\Program Files (x86)\Windows Kits\10\lib\10.0.19041.0\um\x64\uuid.lib:
      Searching C:\Program Files (x86)\Windows Kits\10\lib\10.0.19041.0\um\x64\odbc32.lib:
      Searching C:\Program Files (x86)\Windows Kits\10\lib\10.0.19041.0\um\x64\odbccp32.lib:
      Searching C:\Users\ru4en\OneDrive\Desktop\SpringProjectx\\SDL2\lib\sdl2.lib:
      Searching C:\Users\ru4en\OneDrive\Desktop\SpringProjectx\\SDL2\lib\sdl2main.lib:
      Searching C:\Users\ru4en\OneDrive\Desktop\SpringProjectx\\SDL2\lib\sdl2_mixer.lib:
      Searching C:\Users\ru4en\OneDrive\Desktop\SpringProjectx\\SDL2\lib\sdl2_image.lib:
      Searching C:\Users\ru4en\OneDrive\Desktop\SpringProjectx\\SDL2\lib\sdl2_ttf.lib:
      Searching C:\Program Files\Microsoft Visual Studio\2022\Community\VC\Tools\MSVC\14.29.30133\lib\x64\MSVCRTD.lib:
      Searching C:\Program Files\Microsoft Visual Studio\2022\Community\VC\Tools\MSVC\14.29.30133\lib\x64\OLDNAMES.lib:
      Searching C:\Program Files\Microsoft Visual Studio\2022\Community\VC\Tools\MSVC\14.29.30133\lib\x64\vcruntimed.lib:
      Searching C:\Program Files (x86)\Windows Kits\10\lib\10.0.19041.0\ucrt\x64\ucrtd.lib:
  
  Finished searching libraries
  
  Searching libraries
      Searching C:\Program Files (x86)\Windows Kits\10\lib\10.0.19041.0\um\x64\kernel32.lib:
      Searching C:\Program Files (x86)\Windows Kits\10\lib\10.0.19041.0\um\x64\user32.lib:
      Searching C:\Program Files (x86)\Windows Kits\10\lib\10.0.19041.0\um\x64\gdi32.lib:
      Searching C:\Program Files (x86)\Windows Kits\10\lib\10.0.19041.0\um\x64\winspool.lib:
      Searching C:\Program Files (x86)\Windows Kits\10\lib\10.0.19041.0\um\x64\comdlg32.lib:
      Searching C:\Program Files (x86)\Windows Kits\10\lib\10.0.19041.0\um\x64\advapi32.lib:
      Searching C:\Program Files (x86)\Windows Kits\10\lib\10.0.19041.0\um\x64\shell32.lib:
      Searching C:\Program Files (x86)\Windows Kits\10\lib\10.0.19041.0\um\x64\ole32.lib:
      Searching C:\Program Files (x86)\Windows Kits\10\lib\10.0.19041.0\um\x64\oleaut32.lib:
      Searching C:\Program Files (x86)\Windows Kits\10\lib\10.0.19041.0\um\x64\uuid.lib:
      Searching C:\Program Files (x86)\Windows Kits\10\lib\10.0.19041.0\um\x64\odbc32.lib:
      Searching C:\Program Files (x86)\Windows Kits\10\lib\10.0.19041.0\um\x64\odbccp32.lib:
      Searching C:\Users\ru4en\OneDrive\Desktop\SpringProjectx\\SDL2\lib\sdl2.lib:
      Searching C:\Users\ru4en\OneDrive\Desktop\SpringProjectx\\SDL2\lib\sdl2main.lib:
      Searching C:\Users\ru4en\OneDrive\Desktop\SpringProjectx\\SDL2\lib\sdl2_mixer.lib:
      Searching C:\Users\ru4en\OneDrive\Desktop\SpringProjectx\\SDL2\lib\sdl2_image.lib:
      Searching C:\Users\ru4en\OneDrive\Desktop\SpringProjectx\\SDL2\lib\sdl2_ttf.lib:
      Searching C:\Program Files\Microsoft Visual Studio\2022\Community\VC\Tools\MSVC\14.29.30133\lib\x64\MSVCRTD.lib:
      Searching C:\Program Files\Microsoft Visual Studio\2022\Community\VC\Tools\MSVC\14.29.30133\lib\x64\OLDNAMES.lib:
      Searching C:\Program Files\Microsoft Visual Studio\2022\Community\VC\Tools\MSVC\14.29.30133\lib\x64\vcruntimed.lib:
      Searching C:\Program Files (x86)\Windows Kits\10\lib\10.0.19041.0\ucrt\x64\ucrtd.lib:
  
  Finished searching libraries
  
  Finished pass 1
  
  
  Searching libraries
      Searching C:\Program Files (x86)\Windows Kits\10\lib\10.0.19041.0\um\x64\kernel32.lib:
      Searching C:\Program Files (x86)\Windows Kits\10\lib\10.0.19041.0\um\x64\user32.lib:
      Searching C:\Program Files (x86)\Windows Kits\10\lib\10.0.19041.0\um\x64\gdi32.lib:
      Searching C:\Program Files (x86)\Windows Kits\10\lib\10.0.19041.0\um\x64\winspool.lib:
      Searching C:\Program Files (x86)\Windows Kits\10\lib\10.0.19041.0\um\x64\comdlg32.lib:
      Searching C:\Program Files (x86)\Windows Kits\10\lib\10.0.19041.0\um\x64\advapi32.lib:
      Searching C:\Program Files (x86)\Windows Kits\10\lib\10.0.19041.0\um\x64\shell32.lib:
      Searching C:\Program Files (x86)\Windows Kits\10\lib\10.0.19041.0\um\x64\ole32.lib:
      Searching C:\Program Files (x86)\Windows Kits\10\lib\10.0.19041.0\um\x64\oleaut32.lib:
      Searching C:\Program Files (x86)\Windows Kits\10\lib\10.0.19041.0\um\x64\uuid.lib:
      Searching C:\Program Files (x86)\Windows Kits\10\lib\10.0.19041.0\um\x64\odbc32.lib:
      Searching C:\Program Files (x86)\Windows Kits\10\lib\10.0.19041.0\um\x64\odbccp32.lib:
      Searching C:\Users\ru4en\OneDrive\Desktop\SpringProjectx\\SDL2\lib\sdl2.lib:
      Searching C:\Users\ru4en\OneDrive\Desktop\SpringProjectx\\SDL2\lib\sdl2main.lib:
      Searching C:\Users\ru4en\OneDrive\Desktop\SpringProjectx\\SDL2\lib\sdl2_mixer.lib:
      Searching C:\Users\ru4en\OneDrive\Desktop\SpringProjectx\\SDL2\lib\sdl2_image.lib:
      Searching C:\Users\ru4en\OneDrive\Desktop\SpringProjectx\\SDL2\lib\sdl2_ttf.lib:
      Searching C:\Program Files\Microsoft Visual Studio\2022\Community\VC\Tools\MSVC\14.29.30133\lib\x64\MSVCRTD.lib:
        Found _load_config_used
          Loaded MSVCRTD.lib(loadcfg.obj)
  
  Finished searching libraries
  
  Invoking rc.exe:
   /v
   /x
   /fo
   "C:\Users\ru4en\AppData\Local\Temp\lnk{9E219464-5226-42B7-8770-253D6F47FD8E}.tmp"
   "C:\Users\ru4en\AppData\Local\Temp\lnk{60DDE17C-DACA-4D94-87FE-25766F55B1D1}.tmp"
  Microsoft (R) Windows (R) Resource Compiler Version 10.0.10011.16384
  
  Copyright (C) Microsoft Corporation.  All rights reserved.
  
  
  Creating C:\Users\ru4en\AppData\Local\Temp\lnk{9E219464-5226-42B7-8770-253D6F47FD8E}.tmp
  
  Using codepage 1252 as default
  
  C:\Users\ru4en\AppData\Local\Temp\lnk{60DDE17C-DACA-4D94-87FE-25766F55B1D1}.tmp.
  Writing 24:1,	lang:0x409,	size 381
  
  Invoking cvtres.exe:
   /machine:amd64
   /verbose
   /out:"C:\Users\ru4en\AppData\Local\Temp\lnk{C9323F19-776D-4330-8F5E-ADA3971A5605}.tmp"
   /readonly
   "x64\Debug\SpringProject.res"
   "C:\Users\ru4en\AppData\Local\Temp\lnk{9E219464-5226-42B7-8770-253D6F47FD8E}.tmp"
  Microsoft (R) Windows Resource To Object Converter Version 14.29.30136.0
  Copyright (C) Microsoft Corporation.  All rights reserved.
  
  adding resource. type:MANIFEST, name:1, language:0x0409, flags:0x30, size:381
  
  
  Unused libraries:
    C:\Program Files (x86)\Windows Kits\10\lib\10.0.19041.0\um\x64\user32.lib
    C:\Program Files (x86)\Windows Kits\10\lib\10.0.19041.0\um\x64\gdi32.lib
    C:\Program Files (x86)\Windows Kits\10\lib\10.0.19041.0\um\x64\winspool.lib
    C:\Program Files (x86)\Windows Kits\10\lib\10.0.19041.0\um\x64\comdlg32.lib
    C:\Program Files (x86)\Windows Kits\10\lib\10.0.19041.0\um\x64\advapi32.lib
    C:\Program Files (x86)\Windows Kits\10\lib\10.0.19041.0\um\x64\shell32.lib
    C:\Program Files (x86)\Windows Kits\10\lib\10.0.19041.0\um\x64\ole32.lib
    C:\Program Files (x86)\Windows Kits\10\lib\10.0.19041.0\um\x64\oleaut32.lib
    C:\Program Files (x86)\Windows Kits\10\lib\10.0.19041.0\um\x64\uuid.lib
    C:\Program Files (x86)\Windows Kits\10\lib\10.0.19041.0\um\x64\odbc32.lib
    C:\Program Files (x86)\Windows Kits\10\lib\10.0.19041.0\um\x64\odbccp32.lib
    C:\Users\ru4en\OneDrive\Desktop\SpringProjectx\\SDL2\lib\sdl2main.lib
    C:\Users\ru4en\OneDrive\Desktop\SpringProjectx\\SDL2\lib\sdl2_ttf.lib
    C:\Program Files\Microsoft Visual Studio\2022\Community\VC\Tools\MSVC\14.29.30133\lib\x64\OLDNAMES.lib
  
  Starting pass 2
       SpringProject.res
       util.obj
       textures.obj
       text.obj
       stage.obj
       sound.obj
       player.obj
       platform.obj
       orb.obj
       map.obj
       menu.obj
       io.obj
       input.obj
       init.obj
       entities.obj
       enemy.obj
       draw.obj
       camera.obj
       block.obj
       attack.obj
       main.obj
       kernel32.lib(KERNEL32.dll)
       kernel32.lib(KERNEL32.dll)
       kernel32.lib(KERNEL32.dll)
       kernel32.lib(KERNEL32.dll)
       kernel32.lib(KERNEL32.dll)
       kernel32.lib(KERNEL32.dll)
       kernel32.lib(KERNEL32.dll)
       kernel32.lib(KERNEL32.dll)
       kernel32.lib(KERNEL32.dll)
       kernel32.lib(KERNEL32.dll)
       kernel32.lib(KERNEL32.dll)
       kernel32.lib(KERNEL32.dll)
       kernel32.lib(KERNEL32.dll)
       kernel32.lib(KERNEL32.dll)
       kernel32.lib(KERNEL32.dll)
       kernel32.lib(KERNEL32.dll)
       kernel32.lib(KERNEL32.dll)
       kernel32.lib(KERNEL32.dll)
       kernel32.lib(KERNEL32.dll)
       kernel32.lib(KERNEL32.dll)
       kernel32.lib(KERNEL32.dll)
       kernel32.lib(KERNEL32.dll)
       kernel32.lib(KERNEL32.dll)
       kernel32.lib(KERNEL32.dll)
       kernel32.lib(KERNEL32.dll)
       kernel32.lib(KERNEL32.dll)
       kernel32.lib(KERNEL32.dll)
       kernel32.lib(KERNEL32.dll)
       sdl2.lib(SDL2.dll)
       sdl2.lib(SDL2.dll)
       sdl2.lib(SDL2.dll)
       sdl2.lib(SDL2.dll)
       sdl2.lib(SDL2.dll)
       sdl2.lib(SDL2.dll)
       sdl2.lib(SDL2.dll)
       sdl2.lib(SDL2.dll)
       sdl2.lib(SDL2.dll)
       sdl2.lib(SDL2.dll)
       sdl2.lib(SDL2.dll)
       sdl2.lib(SDL2.dll)
       sdl2.lib(SDL2.dll)
       sdl2.lib(SDL2.dll)
       sdl2.lib(SDL2.dll)
       sdl2.lib(SDL2.dll)
       sdl2.lib(SDL2.dll)
       sdl2.lib(SDL2.dll)
       sdl2.lib(SDL2.dll)
       sdl2.lib(SDL2.dll)
       sdl2.lib(SDL2.dll)
       sdl2.lib(SDL2.dll)
       sdl2.lib(SDL2.dll)
       sdl2.lib(SDL2.dll)
       sdl2.lib(SDL2.dll)
       sdl2_mixer.lib(SDL2_mixer.dll)
       sdl2_mixer.lib(SDL2_mixer.dll)
       sdl2_mixer.lib(SDL2_mixer.dll)
       sdl2_mixer.lib(SDL2_mixer.dll)
       sdl2_mixer.lib(SDL2_mixer.dll)
       sdl2_mixer.lib(SDL2_mixer.dll)
       sdl2_mixer.lib(SDL2_mixer.dll)
       sdl2_mixer.lib(SDL2_mixer.dll)
       sdl2_mixer.lib(SDL2_mixer.dll)
       sdl2_mixer.lib(SDL2_mixer.dll)
       sdl2_image.lib(SDL2_image.dll)
       sdl2_image.lib(SDL2_image.dll)
       sdl2_image.lib(SDL2_image.dll)
       sdl2_image.lib(SDL2_image.dll)
       MSVCRTD.lib(amdsecgs.obj)
       MSVCRTD.lib(guard_dispatch.obj)
       MSVCRTD.lib(guard_xfg_dispatch.obj)
       MSVCRTD.lib(gs_cookie.obj)
       MSVCRTD.lib(gs_report.obj)
       MSVCRTD.lib(gs_support.obj)
       MSVCRTD.lib(debugger_jmc.obj)
       MSVCRTD.lib(guard_support.obj)
       MSVCRTD.lib(loadcfg.obj)
       MSVCRTD.lib(dyn_tls_dtor.obj)
       MSVCRTD.lib(dyn_tls_init.obj)
       MSVCRTD.lib(matherr_detection.obj)
       MSVCRTD.lib(ucrt_detection.obj)
       MSVCRTD.lib(cpu_disp.obj)
       MSVCRTD.lib(argv_mode.obj)
       MSVCRTD.lib(commit_mode.obj)
       MSVCRTD.lib(default_local_stdio_options.obj)
       MSVCRTD.lib(denormal_control.obj)
       MSVCRTD.lib(env_mode.obj)
       MSVCRTD.lib(file_mode.obj)
       MSVCRTD.lib(fltused.obj)
       MSVCRTD.lib(invalid_parameter_handler.obj)
       MSVCRTD.lib(matherr.obj)
       MSVCRTD.lib(new_mode.obj)
       MSVCRTD.lib(thread_locale.obj)
       MSVCRTD.lib(tncleanup.obj)
       MSVCRTD.lib(exe_winmain.obj)
       MSVCRTD.lib(initializers.obj)
       MSVCRTD.lib(utility.obj)
       MSVCRTD.lib(ucrt_stubs.obj)
       MSVCRTD.lib(utility_desktop.obj)
       MSVCRTD.lib(error.obj)
       MSVCRTD.lib(init.obj)
       MSVCRTD.lib(initsect.obj)
       MSVCRTD.lib(pdblkup.obj)
       MSVCRTD.lib(stack.obj)
       MSVCRTD.lib(userapi.obj)
       MSVCRTD.lib(gshandler.obj)
       vcruntimed.lib(VCRUNTIME140D.dll)
       vcruntimed.lib(VCRUNTIME140D.dll)
       vcruntimed.lib(VCRUNTIME140D.dll)
       vcruntimed.lib(VCRUNTIME140D.dll)
       vcruntimed.lib(VCRUNTIME140D.dll)
       vcruntimed.lib(VCRUNTIME140D.dll)
       vcruntimed.lib(VCRUNTIME140D.dll)
       vcruntimed.lib(VCRUNTIME140D.dll)
       vcruntimed.lib(VCRUNTIME140D.dll)
       vcruntimed.lib(VCRUNTIME140D.dll)
       vcruntimed.lib(VCRUNTIME140D.dll)
       ucrtd.lib(ucrtbased.dll)
       ucrtd.lib(ucrtbased.dll)
       ucrtd.lib(ucrtbased.dll)
       ucrtd.lib(ucrtbased.dll)
       ucrtd.lib(ucrtbased.dll)
       ucrtd.lib(ucrtbased.dll)
       ucrtd.lib(ucrtbased.dll)
       ucrtd.lib(ucrtbased.dll)
       ucrtd.lib(ucrtbased.dll)
       ucrtd.lib(ucrtbased.dll)
       ucrtd.lib(ucrtbased.dll)
       ucrtd.lib(ucrtbased.dll)
       ucrtd.lib(ucrtbased.dll)
       ucrtd.lib(ucrtbased.dll)
       ucrtd.lib(ucrtbased.dll)
       ucrtd.lib(ucrtbased.dll)
       ucrtd.lib(ucrtbased.dll)
       ucrtd.lib(ucrtbased.dll)
       ucrtd.lib(ucrtbased.dll)
       ucrtd.lib(ucrtbased.dll)
       ucrtd.lib(ucrtbased.dll)
       ucrtd.lib(ucrtbased.dll)
       ucrtd.lib(ucrtbased.dll)
       ucrtd.lib(ucrtbased.dll)
       ucrtd.lib(ucrtbased.dll)
       ucrtd.lib(ucrtbased.dll)
       ucrtd.lib(ucrtbased.dll)
       ucrtd.lib(ucrtbased.dll)
       ucrtd.lib(ucrtbased.dll)
       ucrtd.lib(ucrtbased.dll)
       ucrtd.lib(ucrtbased.dll)
       ucrtd.lib(ucrtbased.dll)
       ucrtd.lib(ucrtbased.dll)
       ucrtd.lib(ucrtbased.dll)
       ucrtd.lib(ucrtbased.dll)
       ucrtd.lib(ucrtbased.dll)
       ucrtd.lib(ucrtbased.dll)
       ucrtd.lib(ucrtbased.dll)
       ucrtd.lib(ucrtbased.dll)
       ucrtd.lib(ucrtbased.dll)
       ucrtd.lib(ucrtbased.dll)
       ucrtd.lib(ucrtbased.dll)
       ucrtd.lib(ucrtbased.dll)
       ucrtd.lib(ucrtbased.dll)
       ucrtd.lib(ucrtbased.dll)
       ucrtd.lib(ucrtbased.dll)
       ucrtd.lib(ucrtbased.dll)
       ucrtd.lib(ucrtbased.dll)
       ucrtd.lib(ucrtbased.dll)
       ucrtd.lib(ucrtbased.dll)
  Finished pass 2
  SpringProject.vcxproj -> C:\Users\ru4en\OneDrive\Desktop\SpringProjectx\x64\Debug\SpringProject.exe
