This is pdfTeX, Version 3.141592653-2.6-1.40.24 (MiKTeX 22.3) (preloaded format=pdflatex 2022.3.20)  29 MAR 2022 04:40
entering extended mode
 restricted \write18 enabled.
 file:line:error style messages enabled.
 %&-line parsing enabled.
**c:/Users/ru4en/OneDrive/Desktop/SpringProjectx/docs/main.tex
(c:/Users/ru4en/OneDrive/Desktop/SpringProjectx/docs/main.tex
LaTeX2e <2021-11-15> patch level 1
L3 programming layer <2022-02-24> (C:\Users\ru4en\AppData\Local\Programs\MiKTeX\tex/latex/base\article.cls
Document Class: article 2021/10/04 v1.4n Standard LaTeX document class
(C:\Users\ru4en\AppData\Local\Programs\MiKTeX\tex/latex/base\size12.clo
File: size12.clo 2021/10/04 v1.4n Standard LaTeX file (size option)
)
\c@part=\count185
\c@section=\count186
\c@subsection=\count187
\c@subsubsection=\count188
\c@paragraph=\count189
\c@subparagraph=\count190
\c@figure=\count191
\c@table=\count192
\abovecaptionskip=\skip47
\belowcaptionskip=\skip48
\bibindent=\dimen138
) (C:\Users\ru4en\AppData\Local\Programs\MiKTeX\tex/latex/graphics\graphicx.sty
Package: graphicx 2021/09/16 v1.2d Enhanced LaTeX Graphics (DPC,SPQR)
 (C:\Users\ru4en\AppData\Local\Programs\MiKTeX\tex/latex/graphics\keyval.sty
Package: keyval 2014/10/28 v1.15 key=value parser (DPC)
\KV@toks@=\toks16
) (C:\Users\ru4en\AppData\Local\Programs\MiKTeX\tex/latex/graphics\graphics.sty
Package: graphics 2021/03/04 v1.4d Standard LaTeX Graphics (DPC,SPQR)
 (C:\Users\ru4en\AppData\Local\Programs\MiKTeX\tex/latex/graphics\trig.sty
Package: trig 2021/08/11 v1.11 sin cos tan (DPC)
) (C:\Users\ru4en\AppData\Local\Programs\MiKTeX\tex/latex/graphics-cfg\graphics.cfg
File: graphics.cfg 2016/06/04 v1.11 sample graphics configuration
)
Package graphics Info: Driver file: pdftex.def on input line 107.
 (C:\Users\ru4en\AppData\Local\Programs\MiKTeX\tex/latex/graphics-def\pdftex.def
File: pdftex.def 2020/10/05 v1.2a Graphics/color driver for pdftex
))
\Gin@req@height=\dimen139
\Gin@req@width=\dimen140
) (C:\Users\ru4en\AppData\Local\Programs\MiKTeX\tex/latex/xurl\xurl.sty
Package: xurl 2022/01/09 v 0.10 modify URL breaks
 (C:\Users\ru4en\AppData\Local\Programs\MiKTeX\tex/latex/url\url.sty
\Urlmuskip=\muskip16
Package: url 2013/09/16  ver 3.4  Verb mode for urls, etc.
)) (C:\Users\ru4en\AppData\Local\Programs\MiKTeX\tex/latex/xcolor\xcolor.sty
Package: xcolor 2021/10/31 v2.13 LaTeX color extensions (UK)
 (C:\Users\ru4en\AppData\Local\Programs\MiKTeX\tex/latex/graphics-cfg\color.cfg
File: color.cfg 2016/01/02 v1.6 sample color configuration
)
Package xcolor Info: Driver file: pdftex.def on input line 227.
Package xcolor Info: Model `cmy' substituted by `cmy0' on input line 1352.
Package xcolor Info: Model `hsb' substituted by `rgb' on input line 1356.
Package xcolor Info: Model `RGB' extended on input line 1368.
Package xcolor Info: Model `HTML' substituted by `rgb' on input line 1370.
Package xcolor Info: Model `Hsb' substituted by `hsb' on input line 1371.
Package xcolor Info: Model `tHsb' substituted by `hsb' on input line 1372.
Package xcolor Info: Model `HSB' substituted by `hsb' on input line 1373.
Package xcolor Info: Model `Gray' substituted by `gray' on input line 1374.
Package xcolor Info: Model `wave' substituted by `hsb' on input line 1375.
) (C:\Users\ru4en\AppData\Local\Programs\MiKTeX\tex/latex/listings\listings.sty
\lst@mode=\count193
\lst@gtempboxa=\box50
\lst@token=\toks17
\lst@length=\count194
\lst@currlwidth=\dimen141
\lst@column=\count195
\lst@pos=\count196
\lst@lostspace=\dimen142
\lst@width=\dimen143
\lst@newlines=\count197
\lst@lineno=\count198
\lst@maxwidth=\dimen144
 (C:\Users\ru4en\AppData\Local\Programs\MiKTeX\tex/latex/listings\lstmisc.sty
File: lstmisc.sty 2020/03/24 1.8d (Carsten Heinz)
\c@lstnumber=\count199
\lst@skipnumbers=\count266
\lst@framebox=\box51
) (C:\Users\ru4en\AppData\Local\Programs\MiKTeX\tex/latex/listings\listings.cfg
File: listings.cfg 2020/03/24 1.8d listings configuration
))
Package: listings 2020/03/24 1.8d (Carsten Heinz)
 (C:\Users\ru4en\AppData\Local\Programs\MiKTeX\tex/latex/tools\verbatim.sty
Package: verbatim 2020-07-07 v1.5u LaTeX2e package for verbatim enhancements
\every@verbatim=\toks18
\verbatim@line=\toks19
\verbatim@in@stream=\read2
)
   defining Unicode char U+001B (decimal 27)
 (C:\Users\ru4en\AppData\Local\Programs\MiKTeX\tex/latex/l3backend\l3backend-pdftex.def
File: l3backend-pdftex.def 2022-02-07 L3 backend support: PDF output (pdfTeX)
\l__color_backend_stack_int=\count267
\l__pdf_internal_box=\box52
) (main.aux)
\openout1 = `main.aux'.

LaTeX Font Info:    Checking defaults for OML/cmm/m/it on input line 29.
LaTeX Font Info:    ... okay on input line 29.
LaTeX Font Info:    Checking defaults for OMS/cmsy/m/n on input line 29.
LaTeX Font Info:    ... okay on input line 29.
LaTeX Font Info:    Checking defaults for OT1/cmr/m/n on input line 29.
LaTeX Font Info:    ... okay on input line 29.
LaTeX Font Info:    Checking defaults for T1/cmr/m/n on input line 29.
LaTeX Font Info:    ... okay on input line 29.
LaTeX Font Info:    Checking defaults for TS1/cmr/m/n on input line 29.
LaTeX Font Info:    ... okay on input line 29.
LaTeX Font Info:    Checking defaults for OMX/cmex/m/n on input line 29.
LaTeX Font Info:    ... okay on input line 29.
LaTeX Font Info:    Checking defaults for U/cmr/m/n on input line 29.
LaTeX Font Info:    ... okay on input line 29.
 (C:\Users\ru4en\AppData\Local\Programs\MiKTeX\tex/context/base/mkii\supp-pdf.mkii
[Loading MPS to PDF converter (version 2006.09.02).]
\scratchcounter=\count268
\scratchdimen=\dimen145
\scratchbox=\box53
\nofMPsegments=\count269
\nofMParguments=\count270
\everyMPshowfont=\toks20
\MPscratchCnt=\count271
\MPscratchDim=\dimen146
\MPnumerator=\count272
\makeMPintoPDFobject=\count273
\everyMPtoPDFconversion=\toks21
) (C:\Users\ru4en\AppData\Local\Programs\MiKTeX\tex/latex/epstopdf-pkg\epstopdf-base.sty
Package: epstopdf-base 2020-01-24 v2.11 Base part for package epstopdf
Package epstopdf-base Info: Redefining graphics rule for `.eps' on input line 485.
 (C:\Users\ru4en\AppData\Local\Programs\MiKTeX\tex/latex/00miktex\epstopdf-sys.cfg
File: epstopdf-sys.cfg 2021/03/18 v2.0 Configuration of epstopdf for MiKTeX
))
\c@lstlisting=\count274
<./images/Reading_shield.png, id=1, 803.0pt x 1032.85875pt>
File: ./images/Reading_shield.png Graphic file (type png)
<use ./images/Reading_shield.png>
Package pdftex.def Info: ./images/Reading_shield.png  used on input line 33.
(pdftex.def)             Requested size: 117.00119pt x 150.49353pt.
LaTeX Font Info:    External font `cmex10' loaded for size
(Font)              <14.4> on input line 46.
LaTeX Font Info:    External font `cmex10' loaded for size
(Font)              <7> on input line 46.

Underfull \hbox (badness 10000) in paragraph at lines 55--55
[]\OT1/cmr/m/n/14.4 Assignment eval-u-a-
 []


Overfull \hbox (82.50357pt too wide) in paragraph at lines 46--57
 [] 
 []

(main.toc [1

{C:/Users/ru4en/AppData/Local/MiKTeX/fonts/map/pdftex/pdftex.map} <./images/Reading_shield.png>]
LaTeX Font Info:    External font `cmex10' loaded for size
(Font)              <12> on input line 4.
LaTeX Font Info:    External font `cmex10' loaded for size
(Font)              <8> on input line 4.
LaTeX Font Info:    External font `cmex10' loaded for size
(Font)              <6> on input line 4.
)
\tf@toc=\write3
\openout3 = `main.toc'.

 (chapters/appendix.tex (chapters/declaration.tex) [2] (chapters/introduction.tex) [3] (chapters/design.tex
<images/UML.png, id=18, 362.35374pt x 744.7825pt>
File: images/UML.png Graphic file (type png)
<use images/UML.png>
Package pdftex.def Info: images/UML.png  used on input line 3.
(pdftex.def)             Requested size: 136.50238pt x 280.56557pt.
<images/top-level.png, id=19, 611.28375pt x 925.4575pt>
File: images/top-level.png Graphic file (type png)
<use images/top-level.png>
Package pdftex.def Info: images/top-level.png  used on input line 4.
(pdftex.def)             Requested size: 175.49881pt x 265.69275pt.
) [4 <./images/UML.png> <./images/top-level.png>] (chapters/implementation_and_development.tex
<images/ss.png, id=25, 965.10562pt x 566.115pt>
File: images/ss.png Graphic file (type png)
<use images/ss.png>
Package pdftex.def Info: images/ss.png  used on input line 4.
(pdftex.def)             Requested size: 390.0pt x 228.76566pt.
<C:/Users/ru4en/OneDrive/Desktop/SpringProjectx/gfx/astroF1.png, id=26, 32.12pt x 50.1875pt>
File: C:/Users/ru4en/OneDrive/Desktop/SpringProjectx/gfx/astroF1.png Graphic file (type png)
<use C:/Users/ru4en/OneDrive/Desktop/SpringProjectx/gfx/astroF1.png>
Package pdftex.def Info: C:/Users/ru4en/OneDrive/Desktop/SpringProjectx/gfx/astroF1.png  used on input line 12.
(pdftex.def)             Requested size: 31.20071pt x 48.75224pt.
<C:/Users/ru4en/OneDrive/Desktop/SpringProjectx/gfx/astroB1.png, id=27, 32.12pt x 50.1875pt>
File: C:/Users/ru4en/OneDrive/Desktop/SpringProjectx/gfx/astroB1.png Graphic file (type png)
<use C:/Users/ru4en/OneDrive/Desktop/SpringProjectx/gfx/astroB1.png>
Package pdftex.def Info: C:/Users/ru4en/OneDrive/Desktop/SpringProjectx/gfx/astroB1.png  used on input line 13.
(pdftex.def)             Requested size: 31.20071pt x 48.75224pt.
<C:/Users/ru4en/OneDrive/Desktop/SpringProjectx/gfx/astroF2.png, id=28, 33.12375pt x 50.1875pt>
File: C:/Users/ru4en/OneDrive/Desktop/SpringProjectx/gfx/astroF2.png Graphic file (type png)
<use C:/Users/ru4en/OneDrive/Desktop/SpringProjectx/gfx/astroF2.png>
Package pdftex.def Info: C:/Users/ru4en/OneDrive/Desktop/SpringProjectx/gfx/astroF2.png  used on input line 14.
(pdftex.def)             Requested size: 31.20071pt x 47.27426pt.
<C:/Users/ru4en/OneDrive/Desktop/SpringProjectx/gfx/astroB2.png, id=29, 33.12375pt x 50.1875pt>
File: C:/Users/ru4en/OneDrive/Desktop/SpringProjectx/gfx/astroB2.png Graphic file (type png)
<use C:/Users/ru4en/OneDrive/Desktop/SpringProjectx/gfx/astroB2.png>
Package pdftex.def Info: C:/Users/ru4en/OneDrive/Desktop/SpringProjectx/gfx/astroB2.png  used on input line 15.
(pdftex.def)             Requested size: 31.20071pt x 47.27426pt.
<C:/Users/ru4en/OneDrive/Desktop/SpringProjectx/gfx/astroFJ.png, id=30, 33.12375pt x 50.1875pt>
File: C:/Users/ru4en/OneDrive/Desktop/SpringProjectx/gfx/astroFJ.png Graphic file (type png)
<use C:/Users/ru4en/OneDrive/Desktop/SpringProjectx/gfx/astroFJ.png>
Package pdftex.def Info: C:/Users/ru4en/OneDrive/Desktop/SpringProjectx/gfx/astroFJ.png  used on input line 16.
(pdftex.def)             Requested size: 31.20071pt x 47.27426pt.
<C:/Users/ru4en/OneDrive/Desktop/SpringProjectx/gfx/astroBJ.png, id=31, 33.12375pt x 50.1875pt>
File: C:/Users/ru4en/OneDrive/Desktop/SpringProjectx/gfx/astroBJ.png Graphic file (type png)
<use C:/Users/ru4en/OneDrive/Desktop/SpringProjectx/gfx/astroBJ.png>
Package pdftex.def Info: C:/Users/ru4en/OneDrive/Desktop/SpringProjectx/gfx/astroBJ.png  used on input line 17.
(pdftex.def)             Requested size: 31.20071pt x 47.27426pt.
<C:/Users/ru4en/OneDrive/Desktop/SpringProjectx/gfx/alienB1.png, id=32, 40.15pt x 60.225pt>
File: C:/Users/ru4en/OneDrive/Desktop/SpringProjectx/gfx/alienB1.png Graphic file (type png)
<use C:/Users/ru4en/OneDrive/Desktop/SpringProjectx/gfx/alienB1.png>
Package pdftex.def Info: C:/Users/ru4en/OneDrive/Desktop/SpringProjectx/gfx/alienB1.png  used on input line 20.
(pdftex.def)             Requested size: 31.20071pt x 46.80254pt.
<C:/Users/ru4en/OneDrive/Desktop/SpringProjectx/gfx/alienF1.png, id=33, 40.15pt x 60.225pt>
File: C:/Users/ru4en/OneDrive/Desktop/SpringProjectx/gfx/alienF1.png Graphic file (type png)
<use C:/Users/ru4en/OneDrive/Desktop/SpringProjectx/gfx/alienF1.png>
Package pdftex.def Info: C:/Users/ru4en/OneDrive/Desktop/SpringProjectx/gfx/alienF1.png  used on input line 21.
(pdftex.def)             Requested size: 31.20071pt x 46.80254pt.
<C:/Users/ru4en/OneDrive/Desktop/SpringProjectx/gfx/rock1.png, id=34, 64.24pt x 64.24pt>
File: C:/Users/ru4en/OneDrive/Desktop/SpringProjectx/gfx/rock1.png Graphic file (type png)
<use C:/Users/ru4en/OneDrive/Desktop/SpringProjectx/gfx/rock1.png>
Package pdftex.def Info: C:/Users/ru4en/OneDrive/Desktop/SpringProjectx/gfx/rock1.png  used on input line 22.
(pdftex.def)             Requested size: 31.20071pt x 31.20145pt.
<C:/Users/ru4en/OneDrive/Desktop/SpringProjectx/gfx/rock2.png, id=35, 64.24pt x 64.24pt>
File: C:/Users/ru4en/OneDrive/Desktop/SpringProjectx/gfx/rock2.png Graphic file (type png)
<use C:/Users/ru4en/OneDrive/Desktop/SpringProjectx/gfx/rock2.png>
Package pdftex.def Info: C:/Users/ru4en/OneDrive/Desktop/SpringProjectx/gfx/rock2.png  used on input line 23.
(pdftex.def)             Requested size: 31.20071pt x 31.20145pt.
<C:/Users/ru4en/OneDrive/Desktop/SpringProjectx/gfx/shot.png, id=36, 19.07124pt x 6.0225pt>
File: C:/Users/ru4en/OneDrive/Desktop/SpringProjectx/gfx/shot.png Graphic file (type png)
<use C:/Users/ru4en/OneDrive/Desktop/SpringProjectx/gfx/shot.png>
Package pdftex.def Info: C:/Users/ru4en/OneDrive/Desktop/SpringProjectx/gfx/shot.png  used on input line 24.
(pdftex.def)             Requested size: 31.20071pt x 9.85323pt.
<C:/Users/ru4en/OneDrive/Desktop/SpringProjectx/gfx/spr.png, id=37, 33.12375pt x 32.12pt>
File: C:/Users/ru4en/OneDrive/Desktop/SpringProjectx/gfx/spr.png Graphic file (type png)
<use C:/Users/ru4en/OneDrive/Desktop/SpringProjectx/gfx/spr.png>
Package pdftex.def Info: C:/Users/ru4en/OneDrive/Desktop/SpringProjectx/gfx/spr.png  used on input line 25.
(pdftex.def)             Requested size: 31.20071pt x 30.25551pt.
<C:/Users/ru4en/OneDrive/Desktop/SpringProjectx/gfx/tile_1.png, id=38, 64.24pt x 64.24pt>
File: C:/Users/ru4en/OneDrive/Desktop/SpringProjectx/gfx/tile_1.png Graphic file (type png)
<use C:/Users/ru4en/OneDrive/Desktop/SpringProjectx/gfx/tile_1.png>
Package pdftex.def Info: C:/Users/ru4en/OneDrive/Desktop/SpringProjectx/gfx/tile_1.png  used on input line 26.
(pdftex.def)             Requested size: 31.20071pt x 31.20145pt.
<C:/Users/ru4en/OneDrive/Desktop/SpringProjectx/gfx/tile_2.png, id=39, 64.24pt x 64.24pt>
File: C:/Users/ru4en/OneDrive/Desktop/SpringProjectx/gfx/tile_2.png Graphic file (type png)
<use C:/Users/ru4en/OneDrive/Desktop/SpringProjectx/gfx/tile_2.png>
Package pdftex.def Info: C:/Users/ru4en/OneDrive/Desktop/SpringProjectx/gfx/tile_2.png  used on input line 27.
(pdftex.def)             Requested size: 31.20071pt x 31.20145pt.
<C:/Users/ru4en/OneDrive/Desktop/SpringProjectx/gfx/tile_3.png, id=40, 64.24pt x 64.24pt>
File: C:/Users/ru4en/OneDrive/Desktop/SpringProjectx/gfx/tile_3.png Graphic file (type png)
<use C:/Users/ru4en/OneDrive/Desktop/SpringProjectx/gfx/tile_3.png>
Package pdftex.def Info: C:/Users/ru4en/OneDrive/Desktop/SpringProjectx/gfx/tile_3.png  used on input line 28.
(pdftex.def)             Requested size: 31.20071pt x 31.20145pt.
 [5 <./images/ss.png>] [6 <C:/Users/ru4en/OneDrive/Desktop/SpringProjectx/gfx/astroF1.png> <C:/Users/ru4en/OneDrive/Desktop/SpringProjectx/gfx/astroB1.png> <C:/Users/ru4en/OneDrive/Desktop/SpringProjectx/gfx/astroF2.png> <C:/Users/ru4en/OneDrive/Desktop/SpringProjectx/gfx/astroB2.png> <C:/Users/ru4en/OneDrive/Desktop/SpringProjectx/gfx/astroFJ.png> <C:/Users/ru4en/OneDrive/Desktop/SpringProjectx/gfx/astroBJ.png> <C:/Users/ru4en/OneDrive/Desktop/SpringProjectx/gfx/alienB1.png> <C:/Users/ru4en/OneDrive/Desktop/SpringProjectx/gfx/alienF1.png> <C:/Users/ru4en/OneDrive/Desktop/SpringProjectx/gfx/rock1.png> <C:/Users/ru4en/OneDrive/Desktop/SpringProjectx/gfx/rock2.png> <C:/Users/ru4en/OneDrive/Desktop/SpringProjectx/gfx/shot.png> <C:/Users/ru4en/OneDrive/Desktop/SpringProjectx/gfx/spr.png> <C:/Users/ru4en/OneDrive/Desktop/SpringProjectx/gfx/tile_1.png> <C:/Users/ru4en/OneDrive/Desktop/SpringProjectx/gfx/tile_2.png> <C:/Users/ru4en/OneDrive/Desktop/SpringProjectx/gfx/tile_3.png>]
<images/ss5.png, id=63, 965.10562pt x 566.115pt>
File: images/ss5.png Graphic file (type png)
<use images/ss5.png>
Package pdftex.def Info: images/ss5.png  used on input line 38.
(pdftex.def)             Requested size: 390.0pt x 228.76566pt.
 (C:\Users\ru4en\AppData\Local\Programs\MiKTeX\tex/latex/listings\lstlang1.sty
File: lstlang1.sty 2020/03/24 1.8d listings language file
) (C:\Users\ru4en\AppData\Local\Programs\MiKTeX\tex/latex/listings\lstmisc.sty
File: lstmisc.sty 2020/03/24 1.8d (Carsten Heinz)
) (C:/Users/ru4en/OneDrive/Desktop/SpringProjectx/src/menu.c
LaTeX Font Info:    Trying to load font information for OMS+cmss on input line 5.
LaTeX Font Info:    No file OMScmss.fd. on input line 5.


LaTeX Font Warning: Font shape `OMS/cmss/m/n' undefined
(Font)              using `OMS/cmsy/m/n' instead
(Font)              for symbol `textbraceleft' on input line 5.

LaTeX Font Info:    Trying to load font information for TS1+cmss on input line 11.
(C:\Users\ru4en\AppData\Local\Programs\MiKTeX\tex/latex/base\ts1cmss.fd
File: ts1cmss.fd 2019/12/16 v2.5j Standard LaTeX font definitions
)
Overfull \hbox (36.00433pt too wide) in paragraph at lines 11--13
[][][][][][][][][][][][][][][][][][][][][][][][][][][][][][][][][][][][][][][][][] 
 []

[7 <./images/ss5.png>]) [8]
<images/ss1.png, id=76, 965.10562pt x 566.115pt>
File: images/ss1.png Graphic file (type png)
<use images/ss1.png>
Package pdftex.def Info: images/ss1.png  used on input line 46.
(pdftex.def)             Requested size: 390.0pt x 228.76566pt.
 (C:/Users/ru4en/OneDrive/Desktop/SpringProjectx/src/attack.c
LaTeX Font Info:    Trying to load font information for OML+cmss on input line 12.
LaTeX Font Info:    No file OMLcmss.fd. on input line 12.


LaTeX Font Warning: Font shape `OML/cmss/m/n' undefined
(Font)              using `OML/cmm/m/it' instead
(Font)              for symbol `textgreater' on input line 12.

[9 <./images/ss1.png>]
Overfull \hbox (42.0044pt too wide) in paragraph at lines 38--39
[][][][][][][][][][][][][][][][][][][][][][][][][][][][][] 
 []

) [10]
<images/ss3.png, id=85, 965.10562pt x 566.115pt>
File: images/ss3.png Graphic file (type png)
<use images/ss3.png>
Package pdftex.def Info: images/ss3.png  used on input line 53.
(pdftex.def)             Requested size: 390.0pt x 228.76566pt.
 (C:/Users/ru4en/OneDrive/Desktop/SpringProjectx/src/enemy.c
Overfull \hbox (6.00403pt too wide) in paragraph at lines 17--19
[][][][][][][][][][][][][][][][][][][][][][][][][][][][][][][][][][][][][][][][][][][][][][][][][][][][][][][][][][][][][][][][][][][][][][][][][][][][][][][][][][][] 
 []

[11 <./images/ss3.png>]
Overfull \hbox (54.00452pt too wide) in paragraph at lines 39--41
[][][][][][][][][][][][][][][][][][][][][][][][][][][][][][][][][][][][][][] 
 []


Overfull \hbox (54.00452pt too wide) in paragraph at lines 47--49
[][][][][][][][][][][][][][][][][][][][][][][][][][][][][][][][][][][][][][] 
 []

)) [12] (chapters/conclusions.tex) [13] (chapters/git_repository_diff.tex (C:/Users/ru4en/OneDrive/Desktop/SpringProjectx/src/proj.diff
Overfull \hbox (42.00438pt too wide) in paragraph at lines 44--45
[][][][][][][][][][][][][][][][][][][][][][][][][][][][][][] 
 []

[14]
Overfull \hbox (42.00438pt too wide) in paragraph at lines 86--87
[][][][][][][][][][][][][][][][][][][][][][][][][][][][][][] 
 []

[15] [16]
Overfull \hbox (84.00482pt too wide) in paragraph at lines 157--158
[][][][][][][][][][][][][][][][][][][][][][][][][][][][][][][][][][][][][][][][][][][][][][][][][][][][][][][][][][][][][][][][][][] 
 []


Overfull \hbox (72.0047pt too wide) in paragraph at lines 179--180
[][][][][][][][][][][][][][][][][][][][][][][][][][][][][][][][][][][][]
 []

[17] [18]
Overfull \hbox (6.00401pt too wide) in paragraph at lines 229--230
[][][][][][][][][][][][][][][][][][][][][][][][][][][][][][][][][][][][][][][][][][][][][][][][][][][][][][][][][][][][][][][][][][][][][][][][][][][][][][][][][][][][] 
 []


Overfull \hbox (54.00449pt too wide) in paragraph at lines 252--253
[][][][][][][][][][][][][][][][][][][][][][][][][][][][][][][][][][][][][][][][] 
 []


Overfull \hbox (54.00449pt too wide) in paragraph at lines 261--262
[][][][][][][][][][][][][][][][][][][][][][][][][][][][][][][][][][][][][][][][] 
 []

[19] [20] [21]
Overfull \hbox (498.00902pt too wide) in paragraph at lines 368--369
[][][][][][][][][][][][][][][][][][][][][][][][][][][][][][][][][][][][][][][][][][][][][][][][][][][][][][][][][][][][][][][] 
 []


Overfull \hbox (498.00902pt too wide) in paragraph at lines 369--371
[][][][][][][][][][][][][][][][][][][][][][][][][][][][][][][][][][][][][][][][][][][][][] 
 []

[22] [23]
Overfull \hbox (36.00432pt too wide) in paragraph at lines 450--451
[][][][][][][][][][][][][][][][][][][][][][][][][][][][][][][][][][][][][][][][][][] 
 []

[24]
Overfull \hbox (6.00403pt too wide) in paragraph at lines 516--517
[][][][][][][][][][][][][][][][][][][][][][][][][][][][][][][][][][][][][][][][][][][][][][][][][][][][][][][][][][][][][][][][][][][][][][][][][][][][] 
 []


Overfull \hbox (66.00464pt too wide) in paragraph at lines 518--519
[][][][][][][][][][][][][][][][][][][][][][][][][][][][][][][][][][][][][][][][][][][][][][][][][][][][][][][][][][][][][][][][][][][][][][][][][][][][][][][][][][][][][][][][][][] 
 []

[25]
Overfull \hbox (72.0047pt too wide) in paragraph at lines 580--581
[][][][][][][][][][][][][][][][][][][][][][][][][][][][][][][][][][][][]
 []

[26]
Overfull \hbox (72.0047pt too wide) in paragraph at lines 618--620
[][][][][][][][][][][][][][][][][][][][][][][][][][][][][][][][][][][][]
 []

[27]
Overfull \hbox (30.00426pt too wide) in paragraph at lines 637--638
[][][][][][][][][][][][][][][][][][][][][][][][][][][][][][][][][][][][][][][][][][][][][][][][][][][][][][][][][] 
 []


Overfull \hbox (24.0042pt too wide) in paragraph at lines 638--640
[][][][][][][][][][][][][][][][][][][][][][][][][][][][][][][][][][][][][][][][][][][][][][][][][][][][][][][][][] 
 []


Overfull \hbox (42.00438pt too wide) in paragraph at lines 641--642
[][][][][][][][][][][][][][][][][][][][][][][][][][][][][][][][][][][][][][][][][][][][][][][][][][][][][][][][][] 
 []


Overfull \hbox (36.00432pt too wide) in paragraph at lines 642--643
[][][][][][][][][][][][][][][][][][][][][][][][][][][][][][][][][][][][][][][][][][][][][][][][][][][][][][][][][] 
 []


Overfull \hbox (24.0042pt too wide) in paragraph at lines 644--645
[][][][][][][][][][][][][][][][][][][][][][][][][][][][][][][][][][][][][][][][][][][][][][][][][][][][][][][][][] 
 []


Overfull \hbox (18.00414pt too wide) in paragraph at lines 645--646
[][][][][][][][][][][][][][][][][][][][][][][][][][][][][][][][][][][][][][][][][][][][][][][][][][][][][][][][][] 
 []


Overfull \hbox (30.00426pt too wide) in paragraph at lines 647--648
[][][][][][][][][][][][][][][][][][][][][][][][][][][][][][][][][][][][][][][][][][][][][][][][][][][][][][][][][] 
 []


Overfull \hbox (24.0042pt too wide) in paragraph at lines 648--649
[][][][][][][][][][][][][][][][][][][][][][][][][][][][][][][][][][][][][][][][][][][][][][][][][][][][][][][][][] 
 []


Overfull \hbox (42.0044pt too wide) in paragraph at lines 653--654
[][][][][][][][][][][][][][][][][][][][][][][][][][][][][] 
 []

[28]
Overfull \hbox (48.00444pt too wide) in paragraph at lines 674--675
[][][][][][][][][][][][][][][][][][][][][][][][][][][][][][][][][][][][][][][][][][][][][][][] 
 []

[29]
Overfull \hbox (120.00517pt too wide) in paragraph at lines 730--731
[][][][][][][][][][][][][][][][][][][][][][][][][][][][][][][][][][][][][][][][][][][] 
 []


Overfull \hbox (84.0048pt too wide) in paragraph at lines 731--732
[][][][][][][][][][][][][][][][][][][][][][][][][][][][][][][][][][][][][] 
 []


Overfull \hbox (108.00505pt too wide) in paragraph at lines 732--733
[][][][][][][][][][][][][][][][][][][][][][][][][][][][][][][][][][][][][][][][][][][] 
 []


Overfull \hbox (72.00468pt too wide) in paragraph at lines 733--734
[][][][][][][][][][][][][][][][][][][][][][][][][][][][][][][][][][][][][] 
 []


Overfull \hbox (270.0067pt too wide) in paragraph at lines 755--756
[][][][][][][][][][][][][][][][][][][][][][][][][][][][][][][][][][][][][][][][][][][][][][][][][][][][][][][][][][][][] 
 []


Overfull \hbox (240.0064pt too wide) in paragraph at lines 756--757
[][][][][][][][][][][][][][][][][][][][][][][][][][][][][][][][][][][][][][][][][][][][][][][][][][][][][][][][][][][][] 
 []


Overfull \hbox (150.00548pt too wide) in paragraph at lines 757--758
[][][][][][][][][][][][][][][][][][][][][][][][][][][][][][][][][][][][][][][][][][][][][][][][][] 
 []


Overfull \hbox (216.00615pt too wide) in paragraph at lines 758--759
[][][][][][][][][][][][][][][][][][][][][][][][][][][][][][][][][][][][][][][][][][][][][][][][][][][][][][][][][][][][][][][][][][][][][] 
 []


Overfull \hbox (198.00597pt too wide) in paragraph at lines 759--760
[][][][][][][][][][][][][][][][][][][][][][][][][][][][][][][][][][][][][][][][][][][][][][][][][][][][][][][] 
 []


Overfull \hbox (108.00505pt too wide) in paragraph at lines 760--761
[][][][][][][][][][][][][][][][][][][][][][][][][][][][][][][][][][][][][][][][][][][][][][][][][][][][][][][][][][][][][][][][][][][][][][][][][][][][][][][][][][][][][][][][][][][][][] 
 []

[30]
Overfull \hbox (72.0047pt too wide) in paragraph at lines 766--767
[][][][][][][][][][][][][][][][][][][][][][][][][][][][][][][][][][][][]
 []

[31]
Overfull \hbox (114.00513pt too wide) in paragraph at lines 809--810
[][][][][][][][][][][][][][][][][][][][][][][][][][][][][][][][][][][] 
 []

)) [32] (chapters/Sources_and_references.tex)) [33] (main.aux)

LaTeX Font Warning: Some font shapes were not available, defaults substituted.

 ) 
Here is how much of TeX's memory you used:
 4457 strings out of 478582
 71565 string characters out of 2844344
 614260 words of memory out of 3000000
 22564 multiletter control sequences out of 15000+600000
 474943 words of font info for 47 fonts, out of 8000000 for 9000
 1141 hyphenation exceptions out of 8191
 55i,10n,62p,892b,1800s stack positions out of 10000i,1000n,20000p,200000b,80000s
 <C:\Users\ru4en\AppData\Local\MiKTeX\fonts/pk/ljfour/jknappen/ec/dpi600\tcss1000.pk><C:/Users/ru4en/AppData/Local/Programs/MiKTeX/fonts/type1/public/amsfonts/cm/cmbx12.pfb><C:/Users/ru4en/AppData/Local/Programs/MiKTeX/fonts/type1/public/amsfonts/cm/cmmi10.pfb><C:/Users/ru4en/AppData/Local/Programs/MiKTeX/fonts/type1/public/amsfonts/cm/cmr10.pfb><C:/Users/ru4en/AppData/Local/Programs/MiKTeX/fonts/type1/public/amsfonts/cm/cmr12.pfb><C:/Users/ru4en/AppData/Local/Programs/MiKTeX/fonts/type1/public/amsfonts/cm/cmr17.pfb><C:/Users/ru4en/AppData/Local/Programs/MiKTeX/fonts/type1/public/amsfonts/cm/cmss10.pfb><C:/Users/ru4en/AppData/Local/Programs/MiKTeX/fonts/type1/public/amsfonts/cm/cmsy10.pfb><C:/Users/ru4en/AppData/Local/Programs/MiKTeX/fonts/type1/public/amsfonts/cm/cmtt12.pfb>
Output written on main.pdf (33 pages, 878591 bytes).
PDF statistics:
 199 PDF objects out of 1000 (max. 8388607)
 0 named destinations out of 1000 (max. 500000)
 111 words of extra memory for PDF output out of 10000 (max. 10000000)

